        -:    0:Source:dominion.c
        -:    0:Graph:dominion.gcno
        -:    0:Data:dominion.gcda
        -:    0:Runs:8
        -:    0:Programs:8
        -:    1:#include "dominion.h"
        -:    2:#include "dominion_helpers.h"
        -:    3:#include "rngs.h"
        -:    4:#include <stdio.h>
        -:    5:#include <math.h>
        -:    6:#include <stdlib.h>
        -:    7:
     2706:    8:int compare(const void* a, const void* b) {
     2706:    9:  if (*(int*)a > *(int*)b)
    #####:   10:    return 1;
     2706:   11:  if (*(int*)a < *(int*)b)
      456:   12:    return -1;
     2250:   13:  return 0;
        -:   14:}
        -:   15:
    #####:   16:struct gameState* newGame() {
    #####:   17:  struct gameState* g = malloc(sizeof(struct gameState));
    #####:   18:  return g;
        -:   19:}
        -:   20:
    #####:   21:int* kingdomCards(int k1, int k2, int k3, int k4, int k5, int k6, int k7,
        -:   22:		  int k8, int k9, int k10) {
    #####:   23:  int* k = malloc(10 * sizeof(int));
    #####:   24:  k[0] = k1;
    #####:   25:  k[1] = k2;
    #####:   26:  k[2] = k3;
    #####:   27:  k[3] = k4;
    #####:   28:  k[4] = k5;
    #####:   29:  k[5] = k6;
    #####:   30:  k[6] = k7;
    #####:   31:  k[7] = k8;
    #####:   32:  k[8] = k9;
    #####:   33:  k[9] = k10;
    #####:   34:  return k;
        -:   35:}
        -:   36:
       30:   37:int initializeGame(int numPlayers, int kingdomCards[10], int randomSeed,
        -:   38:		   struct gameState *state) {
        -:   39:
        -:   40:  int i;
        -:   41:  int j;
        -:   42:  int it;			
        -:   43:  //set up random number generator
       30:   44:  SelectStream(1);
       30:   45:  PutSeed((long)randomSeed);
        -:   46:  
        -:   47:  //check number of players
       30:   48:  if (numPlayers > MAX_PLAYERS || numPlayers < 2)
        -:   49:    {
    #####:   50:      return -1;
        -:   51:    }
        -:   52:
        -:   53:  //set number of players
       30:   54:  state->numPlayers = numPlayers;
        -:   55:
        -:   56:  //check selected kingdom cards are different
      330:   57:  for (i = 0; i < 10; i++)
        -:   58:    {
     3300:   59:      for (j = 0; j < 10; j++)
        -:   60:        {
     3000:   61:	  if (j != i && kingdomCards[j] == kingdomCards[i])
        -:   62:	    {
    #####:   63:	      return -1;
        -:   64:	    }
        -:   65:        }
        -:   66:    }
        -:   67:
        -:   68:
        -:   69:  //initialize supply
        -:   70:  ///////////////////////////////
        -:   71:
        -:   72:  //set number of Curse cards
       30:   73:  if (numPlayers == 2)
        -:   74:    {
        3:   75:      state->supplyCount[curse] = 10;
        -:   76:    }
       27:   77:  else if (numPlayers == 3)
        -:   78:    {
    #####:   79:      state->supplyCount[curse] = 20;
        -:   80:    }
        -:   81:  else
        -:   82:    {
       27:   83:      state->supplyCount[curse] = 30;
        -:   84:    }
        -:   85:
        -:   86:  //set number of Victory cards
       30:   87:  if (numPlayers == 2)
        -:   88:    {
        3:   89:      state->supplyCount[estate] = 8;
        3:   90:      state->supplyCount[duchy] = 8;
        3:   91:      state->supplyCount[province] = 8;
        -:   92:    }
        -:   93:  else
        -:   94:    {
       27:   95:      state->supplyCount[estate] = 12;
       27:   96:      state->supplyCount[duchy] = 12;
       27:   97:      state->supplyCount[province] = 12;
        -:   98:    }
        -:   99:
        -:  100:  //set number of Treasure cards
       30:  101:  state->supplyCount[copper] = 60 - (7 * numPlayers);
       30:  102:  state->supplyCount[silver] = 40;
       30:  103:  state->supplyCount[gold] = 30;
        -:  104:
        -:  105:  //set number of Kingdom cards
      630:  106:  for (i = adventurer; i <= treasure_map; i++)       	//loop all cards
        -:  107:    {
     4950:  108:      for (j = 0; j < 10; j++)           		//loop chosen cards
        -:  109:	{
     4650:  110:	  if (kingdomCards[j] == i)
        -:  111:	    {
        -:  112:	      //check if card is a 'Victory' Kingdom card
      300:  113:	      if (kingdomCards[j] == great_hall || kingdomCards[j] == gardens)
        -:  114:		{
       62:  115:		  if (numPlayers == 2){ 
        3:  116:		    state->supplyCount[i] = 8; 
        -:  117:		  }
       28:  118:		  else{ state->supplyCount[i] = 12; }
        -:  119:		}
        -:  120:	      else
        -:  121:		{
      269:  122:		  state->supplyCount[i] = 10;
        -:  123:		}
      300:  124:	      break;
        -:  125:	    }
        -:  126:	  else    //card is not in the set choosen for the game
        -:  127:	    {
     4350:  128:	      state->supplyCount[i] = -1;
        -:  129:	    }
        -:  130:	}
        -:  131:
        -:  132:    }
        -:  133:
        -:  134:  ////////////////////////
        -:  135:  //supply intilization complete
        -:  136:
        -:  137:  //set player decks
      144:  138:  for (i = 0; i < numPlayers; i++)
        -:  139:    {
      114:  140:      state->deckCount[i] = 0;
      456:  141:      for (j = 0; j < 3; j++)
        -:  142:	{
      342:  143:	  state->deck[i][j] = estate;
      342:  144:	  state->deckCount[i]++;
        -:  145:	}
      912:  146:      for (j = 3; j < 10; j++)
        -:  147:	{
      798:  148:	  state->deck[i][j] = copper;
      798:  149:	  state->deckCount[i]++;		
        -:  150:	}
        -:  151:    }
        -:  152:
        -:  153:  //shuffle player decks
      144:  154:  for (i = 0; i < numPlayers; i++)
        -:  155:    {
      114:  156:      if ( shuffle(i, state) < 0 )
        -:  157:	{
    #####:  158:	  return -1;
        -:  159:	}
        -:  160:    }
        -:  161:
        -:  162:  //draw player hands
      144:  163:  for (i = 0; i < numPlayers; i++)
        -:  164:    {  
        -:  165:      //initialize hand size to zero
      114:  166:      state->handCount[i] = 0;
      114:  167:      state->discardCount[i] = 0;
        -:  168:      //draw 5 cards
        -:  169:      // for (j = 0; j < 5; j++)
        -:  170:      //	{
        -:  171:      //	  drawCard(i, state);
        -:  172:      //	}
        -:  173:    }
        -:  174:  
        -:  175:  //set embargo tokens to 0 for all supply piles
      840:  176:  for (i = 0; i <= treasure_map; i++)
        -:  177:    {
      810:  178:      state->embargoTokens[i] = 0;
        -:  179:    }
        -:  180:
        -:  181:  //initialize first player's turn
       30:  182:  state->outpostPlayed = 0;
       30:  183:  state->phase = 0;
       30:  184:  state->numActions = 1;
       30:  185:  state->numBuys = 1;
       30:  186:  state->playedCardCount = 0;
       30:  187:  state->whoseTurn = 0;
       30:  188:  state->handCount[state->whoseTurn] = 0;
        -:  189:  //int it; move to top
        -:  190:
        -:  191:  //Moved draw cards to here, only drawing at the start of a turn
      180:  192:  for (it = 0; it < 5; it++){
      150:  193:    drawCard(state->whoseTurn, state);
        -:  194:  }
        -:  195:
       30:  196:  updateCoins(state->whoseTurn, state, 0);
        -:  197:
       30:  198:  return 0;
        -:  199:}
        -:  200:
     9081:  201:int shuffle(int player, struct gameState *state) {
        -:  202: 
        -:  203:
        -:  204:  int newDeck[MAX_DECK];
     9081:  205:  int newDeckPos = 0;
        -:  206:  int card;
        -:  207:  int i;
        -:  208:
     9081:  209:  if (state->deckCount[player] < 1)
     7969:  210:    return -1;
     1112:  211:  qsort ((void*)(state->deck[player]), state->deckCount[player], sizeof(int), compare); 
        -:  212:  /* SORT CARDS IN DECK TO ENSURE DETERMINISM! */
        -:  213:
     5358:  214:  while (state->deckCount[player] > 0) {
     3134:  215:    card = floor(Random() * state->deckCount[player]);
     3134:  216:    newDeck[newDeckPos] = state->deck[player][card];
     3134:  217:    newDeckPos++;
     6276:  218:    for (i = card; i < state->deckCount[player]-1; i++) {
     3142:  219:      state->deck[player][i] = state->deck[player][i+1];
        -:  220:    }
     3134:  221:    state->deckCount[player]--;
        -:  222:  }
     4246:  223:  for (i = 0; i < newDeckPos; i++) {
     3134:  224:    state->deck[player][i] = newDeck[i];
     3134:  225:    state->deckCount[player]++;
        -:  226:  }
        -:  227:
     1112:  228:  return 0;
        -:  229:}
        -:  230:
    #####:  231:int playCard(int handPos, int choice1, int choice2, int choice3, struct gameState *state) 
        -:  232:{	
        -:  233:  int card;
    #####:  234:  int coin_bonus = 0; 		//tracks coins gain from actions
        -:  235:
        -:  236:  //check if it is the right phase
    #####:  237:  if (state->phase != 0)
        -:  238:    {
    #####:  239:      return -1;
        -:  240:    }
        -:  241:	
        -:  242:  //check if player has enough actions
    #####:  243:  if ( state->numActions < 1 )
        -:  244:    {
    #####:  245:      return -1;
        -:  246:    }
        -:  247:	
        -:  248:  //get card played
    #####:  249:  card = handCard(handPos, state);
        -:  250:	
        -:  251:  //check if selected card is an action
    #####:  252:  if ( card < adventurer || card > treasure_map )
        -:  253:    {
    #####:  254:      return -1;
        -:  255:    }
        -:  256:	
        -:  257:  //play card
    #####:  258:  if ( cardEffect(card, choice1, choice2, choice3, state, handPos, &coin_bonus) < 0 )
        -:  259:    {
    #####:  260:      return -1;
        -:  261:    }
        -:  262:	
        -:  263:  //reduce number of actions
    #####:  264:  state->numActions--;
        -:  265:
        -:  266:  //update coins (Treasure cards may be added with card draws)
    #####:  267:  updateCoins(state->whoseTurn, state, coin_bonus);
        -:  268:	
    #####:  269:  return 0;
        -:  270:}
        -:  271:
    #####:  272:int buyCard(int supplyPos, struct gameState *state) {
        -:  273:  int who;
        -:  274:  if (DEBUG){
        -:  275:    printf("Entering buyCard...\n");
        -:  276:  }
        -:  277:
        -:  278:  // I don't know what to do about the phase thing.
        -:  279:
    #####:  280:  who = state->whoseTurn;
        -:  281:
    #####:  282:  if (state->numBuys < 1){
        -:  283:    if (DEBUG)
        -:  284:      printf("You do not have any buys left\n");
    #####:  285:    return -1;
    #####:  286:  } else if (supplyCount(supplyPos, state) <1){
        -:  287:    if (DEBUG)
        -:  288:      printf("There are not any of that type of card left\n");
    #####:  289:    return -1;
    #####:  290:  } else if (state->coins < getCost(supplyPos)){
        -:  291:    if (DEBUG) 
        -:  292:      printf("You do not have enough money to buy that. You have %d coins.\n", state->coins);
    #####:  293:    return -1;
        -:  294:  } else {
    #####:  295:    state->phase=1;
        -:  296:    //state->supplyCount[supplyPos]--;
    #####:  297:    gainCard(supplyPos, state, 0, who); //card goes in discard, this might be wrong.. (2 means goes into hand, 0 goes into discard)
        -:  298:  
    #####:  299:    state->coins = (state->coins) - (getCost(supplyPos));
    #####:  300:    state->numBuys--;
        -:  301:    if (DEBUG)
        -:  302:      printf("You bought card number %d for %d coins. You now have %d buys and %d coins.\n", supplyPos, getCost(supplyPos), state->numBuys, state->coins);
        -:  303:  }
        -:  304:
        -:  305:  //state->discard[who][state->discardCount[who]] = supplyPos;
        -:  306:  //state->discardCount[who]++;
        -:  307:    
    #####:  308:  return 0;
        -:  309:}
        -:  310:
    #####:  311:int numHandCards(struct gameState *state) {
    #####:  312:  return state->handCount[ whoseTurn(state) ];
        -:  313:}
        -:  314:
    #####:  315:int handCard(int handPos, struct gameState *state) {
    #####:  316:  int currentPlayer = whoseTurn(state);
    #####:  317:  return state->hand[currentPlayer][handPos];
        -:  318:}
        -:  319:
      336:  320:int supplyCount(int card, struct gameState *state) {
      336:  321:  return state->supplyCount[card];
        -:  322:}
        -:  323:
    #####:  324:int fullDeckCount(int player, int card, struct gameState *state) {
        -:  325:  int i;
    #####:  326:  int count = 0;
        -:  327:
    #####:  328:  for (i = 0; i < state->deckCount[player]; i++)
        -:  329:    {
    #####:  330:      if (state->deck[player][i] == card) count++;
        -:  331:    }
        -:  332:
    #####:  333:  for (i = 0; i < state->handCount[player]; i++)
        -:  334:    {
    #####:  335:      if (state->hand[player][i] == card) count++;
        -:  336:    }
        -:  337:
    #####:  338:  for (i = 0; i < state->discardCount[player]; i++)
        -:  339:    {
    #####:  340:      if (state->discard[player][i] == card) count++;
        -:  341:    }
        -:  342:
    #####:  343:  return count;
        -:  344:}
        -:  345:
     1501:  346:int whoseTurn(struct gameState *state) {
     1501:  347:  return state->whoseTurn;
        -:  348:}
        -:  349:
    #####:  350:int endTurn(struct gameState *state) {
        -:  351:  int k;
        -:  352:  int i;
    #####:  353:  int currentPlayer = whoseTurn(state);
        -:  354:  
        -:  355:  //Discard hand
    #####:  356:  for (i = 0; i < state->handCount[currentPlayer]; i++){
    #####:  357:    state->discard[currentPlayer][state->discardCount[currentPlayer]++] = state->hand[currentPlayer][i];//Discard
    #####:  358:    state->hand[currentPlayer][i] = -1;//Set card to -1
        -:  359:  }
    #####:  360:  state->handCount[currentPlayer] = 0;//Reset hand count
        -:  361:    
        -:  362:  //Code for determining the player
    #####:  363:  if (currentPlayer < (state->numPlayers - 1)){ 
    #####:  364:    state->whoseTurn = currentPlayer + 1;//Still safe to increment
        -:  365:  }
        -:  366:  else{
    #####:  367:    state->whoseTurn = 0;//Max player has been reached, loop back around to player 1
        -:  368:  }
        -:  369:
    #####:  370:  state->outpostPlayed = 0;
    #####:  371:  state->phase = 0;
    #####:  372:  state->numActions = 1;
    #####:  373:  state->coins = 0;
    #####:  374:  state->numBuys = 1;
    #####:  375:  state->playedCardCount = 0;
    #####:  376:  state->handCount[state->whoseTurn] = 0;
        -:  377:
        -:  378:  //int k; move to top
        -:  379:  //Next player draws hand
    #####:  380:  for (k = 0; k < 5; k++){
    #####:  381:    drawCard(state->whoseTurn, state);//Draw a card
        -:  382:  }
        -:  383:
        -:  384:  //Update money
    #####:  385:  updateCoins(state->whoseTurn, state , 0);
        -:  386:
    #####:  387:  return 0;
        -:  388:}
        -:  389:
      257:  390:int isGameOver(struct gameState *state) {
        -:  391:  int i;
        -:  392:  int j;
        -:  393:	
        -:  394:  //if stack of Province cards is empty, the game ends
      257:  395:  if (state->supplyCount[province] == 0)
        -:  396:    {
        1:  397:      return 1;
        -:  398:    }
        -:  399:
        -:  400:  //if three supply pile are at 0, the game ends
      256:  401:  j = 0;
     6656:  402:  for (i = 0; i < 25; i++)
        -:  403:    {
     6400:  404:      if (state->supplyCount[i] == 0)
        -:  405:	{
      279:  406:	  j++;
        -:  407:	}
        -:  408:    }
      256:  409:  if ( j >= 3)
        -:  410:    {
       22:  411:      return 1;
        -:  412:    }
        -:  413:
      234:  414:  return 0;
        -:  415:}
        -:  416:
    #####:  417:int scoreFor (int player, struct gameState *state) {
        -:  418:
        -:  419:  int i;
    #####:  420:  int score = 0;
        -:  421:  //score from hand
    #####:  422:  for (i = 0; i < state->handCount[player]; i++)
        -:  423:    {
    #####:  424:      if (state->hand[player][i] == curse) { score = score - 1; };
    #####:  425:      if (state->hand[player][i] == estate) { score = score + 1; };
    #####:  426:      if (state->hand[player][i] == duchy) { score = score + 3; };
    #####:  427:      if (state->hand[player][i] == province) { score = score + 6; };
    #####:  428:      if (state->hand[player][i] == great_hall) { score = score + 1; };
    #####:  429:      if (state->hand[player][i] == gardens) { score = score + ( fullDeckCount(player, 0, state) / 10 ); };
        -:  430:    }
        -:  431:
        -:  432:  //score from discard
    #####:  433:  for (i = 0; i < state->discardCount[player]; i++)
        -:  434:    {
    #####:  435:      if (state->discard[player][i] == curse) { score = score - 1; };
    #####:  436:      if (state->discard[player][i] == estate) { score = score + 1; };
    #####:  437:      if (state->discard[player][i] == duchy) { score = score + 3; };
    #####:  438:      if (state->discard[player][i] == province) { score = score + 6; };
    #####:  439:      if (state->discard[player][i] == great_hall) { score = score + 1; };
    #####:  440:      if (state->discard[player][i] == gardens) { score = score + ( fullDeckCount(player, 0, state) / 10 ); };
        -:  441:    }
        -:  442:
        -:  443:  //score from deck
    #####:  444:  for (i = 0; i < state->discardCount[player]; i++)
        -:  445:    {
    #####:  446:      if (state->deck[player][i] == curse) { score = score - 1; };
    #####:  447:      if (state->deck[player][i] == estate) { score = score + 1; };
    #####:  448:      if (state->deck[player][i] == duchy) { score = score + 3; };
    #####:  449:      if (state->deck[player][i] == province) { score = score + 6; };
    #####:  450:      if (state->deck[player][i] == great_hall) { score = score + 1; };
    #####:  451:      if (state->deck[player][i] == gardens) { score = score + ( fullDeckCount(player, 0, state) / 10 ); };
        -:  452:    }
        -:  453:
    #####:  454:  return score;
        -:  455:}
        -:  456:
    #####:  457:int getWinners(int players[MAX_PLAYERS], struct gameState *state) {
        -:  458:  int i;	
        -:  459:  int j;
        -:  460:  int highScore;
        -:  461:  int currentPlayer;
        -:  462:
        -:  463:  //get score for each player
    #####:  464:  for (i = 0; i < MAX_PLAYERS; i++)
        -:  465:    {
        -:  466:      //set unused player scores to -9999
    #####:  467:      if (i >= state->numPlayers)
        -:  468:	{
    #####:  469:	  players[i] = -9999;
        -:  470:	}
        -:  471:      else
        -:  472:	{
    #####:  473:	  players[i] = scoreFor (i, state);
        -:  474:	}
        -:  475:    }
        -:  476:
        -:  477:  //find highest score
    #####:  478:  j = 0;
    #####:  479:  for (i = 0; i < MAX_PLAYERS; i++)
        -:  480:    {
    #####:  481:      if (players[i] > players[j])
        -:  482:	{
    #####:  483:	  j = i;
        -:  484:	}
        -:  485:    }
    #####:  486:  highScore = players[j];
        -:  487:
        -:  488:  //add 1 to players who had less turns
    #####:  489:  currentPlayer = whoseTurn(state);
    #####:  490:  for (i = 0; i < MAX_PLAYERS; i++)
        -:  491:    {
    #####:  492:      if ( players[i] == highScore && i > currentPlayer )
        -:  493:	{
    #####:  494:	  players[i]++;
        -:  495:	}
        -:  496:    }
        -:  497:
        -:  498:  //find new highest score
    #####:  499:  j = 0;
    #####:  500:  for (i = 0; i < MAX_PLAYERS; i++)
        -:  501:    {
    #####:  502:      if ( players[i] > players[j] )
        -:  503:	{
    #####:  504:	  j = i;
        -:  505:	}
        -:  506:    }
    #####:  507:  highScore = players[j];
        -:  508:
        -:  509:  //set winners in array to 1 and rest to 0
    #####:  510:  for (i = 0; i < MAX_PLAYERS; i++)
        -:  511:    {
    #####:  512:      if ( players[i] == highScore )
        -:  513:	{
    #####:  514:	  players[i] = 1;
        -:  515:	}
        -:  516:      else
        -:  517:	{
    #####:  518:	  players[i] = 0;
        -:  519:	}
        -:  520:    }
        -:  521:
    #####:  522:  return 0;
        -:  523:}
        -:  524:
     8650:  525:int drawCard(int player, struct gameState *state)
        -:  526:{	int count;
        -:  527:  int deckCounter;
     8650:  528:  if (state->deckCount[player] <= 0){//Deck is empty
        -:  529:    
        -:  530:    //Step 1 Shuffle the discard pile back into a deck
        -:  531:    int i;
        -:  532:    //Move discard to deck
     9465:  533:    for (i = 0; i < state->discardCount[player];i++){
     1994:  534:      state->deck[player][i] = state->discard[player][i];
     1994:  535:      state->discard[player][i] = -1;
        -:  536:    }
        -:  537:
     7471:  538:    state->deckCount[player] = state->discardCount[player];
     7471:  539:    state->discardCount[player] = 0;//Reset discard
        -:  540:
        -:  541:    //Shufffle the deck
     7471:  542:    shuffle(player, state);//Shuffle the deck up and make it so that we can draw
        -:  543:   
        -:  544:    if (DEBUG){//Debug statements
        -:  545:      printf("Deck count now: %d\n", state->deckCount[player]);
        -:  546:    }
        -:  547:    
     7471:  548:    state->discardCount[player] = 0;
        -:  549:
        -:  550:    //Step 2 Draw Card
     7471:  551:    count = state->handCount[player];//Get current player's hand count
        -:  552:    
        -:  553:    if (DEBUG){//Debug statements
        -:  554:      printf("Current hand count: %d\n", count);
        -:  555:    }
        -:  556:    
     7471:  557:    deckCounter = state->deckCount[player];//Create a holder for the deck count
        -:  558:
     7471:  559:    if (deckCounter == 0)
     6473:  560:      return -1;
        -:  561:
      998:  562:    state->hand[player][count] = state->deck[player][deckCounter - 1];//Add card to hand
      998:  563:    state->deckCount[player]--;
      998:  564:    state->handCount[player]++;//Increment hand count
        -:  565:  }
        -:  566:
        -:  567:  else{
     1179:  568:    int count = state->handCount[player];//Get current hand count for player
        -:  569:    int deckCounter;
        -:  570:    if (DEBUG){//Debug statements
        -:  571:      printf("Current hand count: %d\n", count);
        -:  572:    }
        -:  573:
     1179:  574:    deckCounter = state->deckCount[player];//Create holder for the deck count
     1179:  575:    state->hand[player][count] = state->deck[player][deckCounter - 1];//Add card to the hand
     1179:  576:    state->deckCount[player]--;
     1179:  577:    state->handCount[player]++;//Increment hand count
        -:  578:  }
        -:  579:
     2177:  580:  return 0;
        -:  581:}
        -:  582:
       27:  583:int getCost(int cardNumber)
        -:  584:{
       27:  585:  switch( cardNumber ) 
        -:  586:    {
        -:  587:    case curse:
        1:  588:      return 0;
        -:  589:    case estate:
        1:  590:      return 2;
        -:  591:    case duchy:
        1:  592:      return 5;
        -:  593:    case province:
        1:  594:      return 8;
        -:  595:    case copper:
        1:  596:      return 0;
        -:  597:    case silver:
        1:  598:      return 3;
        -:  599:    case gold:
        1:  600:      return 6;
        -:  601:    case adventurer:
        1:  602:      return 6;
        -:  603:    case council_room:
        1:  604:      return 5;
        -:  605:    case feast:
        1:  606:      return 4;
        -:  607:    case gardens:
        1:  608:      return 4;
        -:  609:    case mine:
        1:  610:      return 5;
        -:  611:    case remodel:
        1:  612:      return 4;
        -:  613:    case smithy:
        1:  614:      return 4;
        -:  615:    case village:
        1:  616:      return 3;
        -:  617:    case baron:
        1:  618:      return 4;
        -:  619:    case great_hall:
        1:  620:      return 3;
        -:  621:    case minion:
        1:  622:      return 5;
        -:  623:    case steward:
        1:  624:      return 3;
        -:  625:    case tribute:
        1:  626:      return 5;
        -:  627:    case ambassador:
        1:  628:      return 3;
        -:  629:    case cutpurse:
        1:  630:      return 4;
        -:  631:    case embargo: 
        1:  632:      return 2;
        -:  633:    case outpost:
        1:  634:      return 5;
        -:  635:    case salvager:
        1:  636:      return 4;
        -:  637:    case sea_hag:
        1:  638:      return 4;
        -:  639:    case treasure_map:
        1:  640:      return 4;
        -:  641:    }
        -:  642:	
    #####:  643:  return -1;
        -:  644:}
        -:  645:
      500:  646:int adventurer_func(int drawntreasure, struct gameState *state, int currentPlayer, int temphand[], int z){
     2999:  647:   while(drawntreasure<2){
     1999:  648:	if (state->handCount[currentPlayer] <1){//if the deck is empty we need to shuffle discard and add to deck
    #####:  649:		shuffle(currentPlayer, state);
        -:  650:	}
     1999:  651:        drawCard(currentPlayer, state);
     1999:  652:        int cardDrawn = state->hand[currentPlayer][state->handCount[currentPlayer]-1];//top card of hand is most recently drawn card.
     1999:  653:        if (cardDrawn == copper || cardDrawn == silver || cardDrawn == gold)
     1000:  654:		drawntreasure++;
        -:  655:        else{
        -:  656://            	temphand[z]=cardDrawn;
      999:  657:            	state->handCount[currentPlayer]--; //this should just remove the top card (the most recently drawn one).
      999:  658:		z++;
        -:  659:       	}
        -:  660:    }
     1999:  661:    while(z-1>=0){
      999:  662:       	state->discard[currentPlayer][state->discardCount[currentPlayer]++]=temphand[z-1]; // discard all cards in play that have been drawn
      999:  663:       	z=z-1;
        -:  664:    }
      500:  665:    return 0;
        -:  666:}
        -:  667:
      500:  668:int smithy_func(int currentPlayer, struct gameState *state, int handPos){
        -:  669:   // +3 Cards
        -:  670:   int i;
     2500:  671:   for (i = 0; i <= 3; i++)
        -:  672:   {
     2000:  673:	drawCard(currentPlayer, state);
        -:  674:   }
        -:  675:   // discard card from hand
      500:  676:   discardCard(handPos, currentPlayer, state, 0);
      500:  677:   return 0;
        -:  678:}
        -:  679:
      500:  680:int village_func(int currentPlayer, struct gameState *state, int handPos){
        -:  681:   // +1 Card
      500:  682:   drawCard(currentPlayer, state);
        -:  683:
        -:  684:   // +2 Actions
      500:  685:   state->numActions = state->numActions + 2;
        -:  686:
        -:  687:   // discard played card from hand
      500:  688:   discardCard(currentPlayer, handPos, state, 0);
      500:  689:   return 0;
        -:  690:}
        -:  691:
    #####:  692:int mine_func(struct gameState *state, int currentPlayer, int choice1, int choice2, int handPos){
    #####:  693:   int j = state->hand[currentPlayer][choice1];  //store card we will trash
        -:  694:
    #####:  695:   if (state->hand[currentPlayer][choice1] < copper || state->hand[currentPlayer][choice1] > gold)
        -:  696:   {
    #####:  697:		return -1;
        -:  698:   }
        -:  699:
    #####:  700:   if (choice2 > treasure_map || choice2 < curse)
        -:  701:   {
    #####:  702:		return -1;
        -:  703:   }
        -:  704:
    #####:  705:   if ( (getCost(state->hand[currentPlayer][choice1]) + 3) > getCost(choice2) )
        -:  706:   {
    #####:  707:		return -1;
        -:  708:   }
        -:  709:
    #####:  710:   gainCard(choice2, state, 2, currentPlayer);
        -:  711:
        -:  712:   //discard card from hand
    #####:  713:   discardCard(handPos, currentPlayer, state, 0);
        -:  714:   
        -:  715:   //discard trashed card
        -:  716:   int i; 
    #####:  717:   for (i = 0; i < state->handCount[currentPlayer]; i++)
        -:  718:   {
    #####:  719:   	if (state->hand[currentPlayer][i] != j)
        -:  720:   	{
    #####:  721:   		discardCard(i, currentPlayer, state, 0);
    #####:  722:   		break;
        -:  723:   	}
        -:  724:   }
    #####:  725:   return 0;
        -:  726:}
        -:  727:
        1:  728:int great_hall_func(int currentPlayer, struct gameState *state, int handPos){
        -:  729:   // +1 Card
        1:  730:   drawCard(currentPlayer, state);
        -:  731:
        -:  732:   // +1 Actions
        1:  733:   state->numActions++;
        -:  734:
        -:  735:   // discard card from hand
        1:  736:   discardCard(handPos, currentPlayer, state, 0);
        1:  737:   return 0;
        -:  738:}
        -:  739:
     1501:  740:int cardEffect(int card, int choice1, int choice2, int choice3, struct gameState *state, int handPos, int *bonus)
        -:  741:{
        -:  742:  int i;
        -:  743:  int j;
        -:  744:  int k;
        -:  745:  int x;
        -:  746:  int index;
     1501:  747:  int currentPlayer = whoseTurn(state);
     1501:  748:  int nextPlayer = currentPlayer + 1;
        -:  749:
     1501:  750:  int tributeRevealedCards[2] = {-1, -1};
        -:  751:  int temphand[MAX_HAND];// moved above the if statement
     1501:  752:  int drawntreasure=0;
        -:  753:  // int cardDrawn;
     1501:  754:  int z = 0;// this is the counter for the temp hand
     1501:  755:  if (nextPlayer > (state->numPlayers - 1)){
      856:  756:    nextPlayer = 0;
        -:  757:  }
        -:  758:  
        -:  759:	
        -:  760:  //uses switch to select card and perform actions
     1501:  761:  switch( card ) 
        -:  762:    {
        -:  763:    case adventurer:
      500:  764:	return adventurer_func(drawntreasure, state, currentPlayer, temphand, z);			
        -:  765:
        -:  766:    case council_room:
        -:  767:      //+4 Cards
    #####:  768:      for (i = 0; i < 4; i++)
        -:  769:	{
    #####:  770:	  drawCard(currentPlayer, state);
        -:  771:	}
        -:  772:			
        -:  773:      //+1 Buy
    #####:  774:      state->numBuys++;
        -:  775:			
        -:  776:      //Each other player draws a card
    #####:  777:      for (i = 0; i < state->numPlayers; i++)
        -:  778:	{
    #####:  779:	  if ( i != currentPlayer )
        -:  780:	    {
    #####:  781:	      drawCard(i, state);
        -:  782:	    }
        -:  783:	}
        -:  784:			
        -:  785:      //put played card in played card pile
    #####:  786:      discardCard(handPos, currentPlayer, state, 0);
        -:  787:			
    #####:  788:      return 0;
        -:  789:			
        -:  790:    case feast:
        -:  791:      //gain card with cost up to 5
        -:  792:      //Backup hand
    #####:  793:      for (i = 0; i <= state->handCount[currentPlayer]; i++){
    #####:  794:	temphand[i] = state->hand[currentPlayer][i];//Backup card
    #####:  795:	state->hand[currentPlayer][i] = -1;//Set to nothing
        -:  796:      }
        -:  797:      //Backup hand
        -:  798:
        -:  799:      //Update Coins for Buy
    #####:  800:      updateCoins(currentPlayer, state, 5);
    #####:  801:      x = 1;//Condition to loop on
    #####:  802:      while( x == 1) {//Buy one card
    #####:  803:	if (supplyCount(choice1, state) <= 0){
        -:  804:	  if (DEBUG)
        -:  805:	    printf("None of that card left, sorry!\n");
        -:  806:
        -:  807:	  if (DEBUG){
        -:  808:	    printf("Cards Left: %d\n", supplyCount(choice1, state));
        -:  809:	  }
        -:  810:	}
    #####:  811:	else if (state->coins < getCost(choice1)){
    #####:  812:	  printf("That card is too expensive!\n");
        -:  813:
        -:  814:	  if (DEBUG){
        -:  815:	    printf("Coins: %d < %d\n", state->coins, getCost(choice1));
        -:  816:	  }
        -:  817:	}
        -:  818:	else{
        -:  819:
        -:  820:	  if (DEBUG){
        -:  821:	    printf("Deck Count: %d\n", state->handCount[currentPlayer] + state->deckCount[currentPlayer] + state->discardCount[currentPlayer]);
        -:  822:	  }
        -:  823:
    #####:  824:	  gainCard(choice1, state, 0, currentPlayer);//Gain the card
    #####:  825:	  x = 0;//No more buying cards
        -:  826:
        -:  827:	  if (DEBUG){
        -:  828:	    printf("Deck Count: %d\n", state->handCount[currentPlayer] + state->deckCount[currentPlayer] + state->discardCount[currentPlayer]);
        -:  829:	  }
        -:  830:
        -:  831:	}
        -:  832:      }     
        -:  833:
        -:  834:      //Reset Hand
    #####:  835:      for (i = 0; i <= state->handCount[currentPlayer]; i++){
    #####:  836:	state->hand[currentPlayer][i] = temphand[i];
    #####:  837:	temphand[i] = -1;
        -:  838:      }
        -:  839:      //Reset Hand
        -:  840:      			
    #####:  841:      return 0;
        -:  842:			
        -:  843:    case gardens:
    #####:  844:      return -1;
        -:  845:			
        -:  846:    case mine:
    #####:  847:      return mine_func(state, currentPlayer, choice1, choice2, handPos);
        -:  848:			
        -:  849:    case remodel:
    #####:  850:      j = state->hand[currentPlayer][choice1];  //store card we will trash
        -:  851:
    #####:  852:      if ( (getCost(state->hand[currentPlayer][choice1]) + 2) > getCost(choice2) )
        -:  853:	{
    #####:  854:	  return -1;
        -:  855:	}
        -:  856:
    #####:  857:      gainCard(choice2, state, 0, currentPlayer);
        -:  858:
        -:  859:      //discard card from hand
    #####:  860:      discardCard(handPos, currentPlayer, state, 0);
        -:  861:
        -:  862:      //discard trashed card
    #####:  863:      for (i = 0; i < state->handCount[currentPlayer]; i++)
        -:  864:	{
    #####:  865:	  if (state->hand[currentPlayer][i] == j)
        -:  866:	    {
    #####:  867:	      discardCard(i, currentPlayer, state, 0);			
    #####:  868:	      break;
        -:  869:	    }
        -:  870:	}
        -:  871:
    #####:  872:      return 0;
        -:  873:		
        -:  874:    case smithy:
      500:  875:      return smithy_func(currentPlayer, state, handPos);
        -:  876: 		
        -:  877:    case village:
      500:  878:      return village_func(currentPlayer, state, handPos);
        -:  879:		
        -:  880:    case baron:
    #####:  881:      state->numBuys++;//Increase buys by 1!
    #####:  882:      if (choice1 > 0){//Boolean true or going to discard an estate
    #####:  883:	int p = 0;//Iterator for hand!
    #####:  884:	int card_not_discarded = 1;//Flag for discard set!
    #####:  885:	while(card_not_discarded){
    #####:  886:	  if (state->hand[currentPlayer][p] == estate){//Found an estate card!
    #####:  887:	    state->coins += 4;//Add 4 coins to the amount of coins
    #####:  888:	    state->discard[currentPlayer][state->discardCount[currentPlayer]] = state->hand[currentPlayer][p];
    #####:  889:	    state->discardCount[currentPlayer]++;
    #####:  890:	    for (;p < state->handCount[currentPlayer]; p++){
    #####:  891:	      state->hand[currentPlayer][p] = state->hand[currentPlayer][p+1];
        -:  892:	    }
    #####:  893:	    state->hand[currentPlayer][state->handCount[currentPlayer]] = -1;
    #####:  894:	    state->handCount[currentPlayer]--;
    #####:  895:	    card_not_discarded = 0;//Exit the loop
        -:  896:	  }
    #####:  897:	  else if (p > state->handCount[currentPlayer]){
        -:  898:	    if(DEBUG) {
        -:  899:	      printf("No estate cards in your hand, invalid choice\n");
        -:  900:	      printf("Must gain an estate if there are any\n");
        -:  901:	    }
    #####:  902:	    if (supplyCount(estate, state) > 0){
    #####:  903:	      gainCard(estate, state, 0, currentPlayer);
    #####:  904:	      state->supplyCount[estate]--;//Decrement estates
    #####:  905:	      if (supplyCount(estate, state) == 0){
    #####:  906:		isGameOver(state);
        -:  907:	      }
        -:  908:	    }
    #####:  909:	    card_not_discarded = 0;//Exit the loop
        -:  910:	  }
        -:  911:			    
        -:  912:	  else{
    #####:  913:	    p++;//Next card
        -:  914:	  }
        -:  915:	}
        -:  916:      }
        -:  917:			    
        -:  918:      else{
    #####:  919:	if (supplyCount(estate, state) > 0){
    #####:  920:	  gainCard(estate, state, 0, currentPlayer);//Gain an estate
    #####:  921:	  state->supplyCount[estate]--;//Decrement Estates
    #####:  922:	  if (supplyCount(estate, state) == 0){
    #####:  923:	    isGameOver(state);
        -:  924:	  }
        -:  925:	}
        -:  926:      }
        -:  927:	    
        -:  928:      
    #####:  929:      return 0;
        -:  930:		
        -:  931:    case great_hall:
        1:  932:      return great_hall_func(currentPlayer, state, handPos);
        -:  933:		
        -:  934:    case minion:
        -:  935:      //+1 action
    #####:  936:      state->numActions++;
        -:  937:			
        -:  938:      //discard card from hand
    #####:  939:      discardCard(handPos, currentPlayer, state, 0);
        -:  940:			
    #####:  941:      if (choice1)		//+2 coins
        -:  942:	{
    #####:  943:	  state->coins = state->coins + 2;
        -:  944:	}
        -:  945:			
    #####:  946:      else if (choice2)		//discard hand, redraw 4, other players with 5+ cards discard hand and draw 4
        -:  947:	{
        -:  948:	  //discard hand
    #####:  949:	  while(numHandCards(state) > 0)
        -:  950:	    {
    #####:  951:	      discardCard(handPos, currentPlayer, state, 0);
        -:  952:	    }
        -:  953:				
        -:  954:	  //draw 4
    #####:  955:	  for (i = 0; i < 4; i++)
        -:  956:	    {
    #####:  957:	      drawCard(currentPlayer, state);
        -:  958:	    }
        -:  959:				
        -:  960:	  //other players discard hand and redraw if hand size > 4
    #####:  961:	  for (i = 0; i < state->numPlayers; i++)
        -:  962:	    {
    #####:  963:	      if (i != currentPlayer)
        -:  964:		{
    #####:  965:		  if ( state->handCount[i] > 4 )
        -:  966:		    {
        -:  967:		      //discard hand
    #####:  968:		      while( state->handCount[i] > 0 )
        -:  969:			{
    #####:  970:			  discardCard(handPos, i, state, 0);
        -:  971:			}
        -:  972:							
        -:  973:		      //draw 4
    #####:  974:		      for (j = 0; j < 4; j++)
        -:  975:			{
    #####:  976:			  drawCard(i, state);
        -:  977:			}
        -:  978:		    }
        -:  979:		}
        -:  980:	    }
        -:  981:				
        -:  982:	}
    #####:  983:      return 0;
        -:  984:		
        -:  985:    case steward:
    #####:  986:      if (choice1 == 1)
        -:  987:	{
        -:  988:	  //+2 cards
    #####:  989:	  drawCard(currentPlayer, state);
    #####:  990:	  drawCard(currentPlayer, state);
        -:  991:	}
    #####:  992:      else if (choice1 == 2)
        -:  993:	{
        -:  994:	  //+2 coins
    #####:  995:	  state->coins = state->coins + 2;
        -:  996:	}
        -:  997:      else
        -:  998:	{
        -:  999:	  //trash 2 cards in hand
    #####: 1000:	  discardCard(choice2, currentPlayer, state, 1);
    #####: 1001:	  discardCard(choice3, currentPlayer, state, 1);
        -: 1002:	}
        -: 1003:			
        -: 1004:      //discard card from hand
    #####: 1005:      discardCard(handPos, currentPlayer, state, 0);
    #####: 1006:      return 0;
        -: 1007:		
        -: 1008:    case tribute:
    #####: 1009:      if ((state->discardCount[nextPlayer] + state->deckCount[nextPlayer]) <= 1){
    #####: 1010:	if (state->deckCount[nextPlayer] > 0){
    #####: 1011:	  tributeRevealedCards[0] = state->deck[nextPlayer][state->deckCount[nextPlayer]-1];
    #####: 1012:	  state->deckCount[nextPlayer]--;
        -: 1013:	}
    #####: 1014:	else if (state->discardCount[nextPlayer] > 0){
    #####: 1015:	  tributeRevealedCards[0] = state->discard[nextPlayer][state->discardCount[nextPlayer]-1];
    #####: 1016:	  state->discardCount[nextPlayer]--;
        -: 1017:	}
        -: 1018:	else{
        -: 1019:	  //No Card to Reveal
        -: 1020:	  if (DEBUG){
        -: 1021:	    printf("No cards to reveal\n");
        -: 1022:	  }
        -: 1023:	}
        -: 1024:      }
        -: 1025:	    
        -: 1026:      else{
    #####: 1027:	if (state->deckCount[nextPlayer] == 0){
    #####: 1028:	  for (i = 0; i < state->discardCount[nextPlayer]; i++){
    #####: 1029:	    state->deck[nextPlayer][i] = state->discard[nextPlayer][i];//Move to deck
    #####: 1030:	    state->deckCount[nextPlayer]++;
    #####: 1031:	    state->discard[nextPlayer][i] = -1;
    #####: 1032:	    state->discardCount[nextPlayer]--;
        -: 1033:	  }
        -: 1034:			    
    #####: 1035:	  shuffle(nextPlayer,state);//Shuffle the deck
        -: 1036:	} 
    #####: 1037:	tributeRevealedCards[0] = state->deck[nextPlayer][state->deckCount[nextPlayer]-1];
    #####: 1038:	state->deck[nextPlayer][state->deckCount[nextPlayer]--] = -1;
    #####: 1039:	state->deckCount[nextPlayer]--;
    #####: 1040:	tributeRevealedCards[1] = state->deck[nextPlayer][state->deckCount[nextPlayer]-1];
    #####: 1041:	state->deck[nextPlayer][state->deckCount[nextPlayer]--] = -1;
    #####: 1042:	state->deckCount[nextPlayer]--;
        -: 1043:      }    
        -: 1044:		       
    #####: 1045:      if (tributeRevealedCards[0] == tributeRevealedCards[1]){//If we have a duplicate card, just drop one 
    #####: 1046:	state->playedCards[state->playedCardCount] = tributeRevealedCards[1];
    #####: 1047:	state->playedCardCount++;
    #####: 1048:	tributeRevealedCards[1] = -1;
        -: 1049:      }
        -: 1050:
    #####: 1051:      for (i = 0; i <= 2; i ++){
    #####: 1052:	if (tributeRevealedCards[i] == copper || tributeRevealedCards[i] == silver || tributeRevealedCards[i] == gold){//Treasure cards
    #####: 1053:	  state->coins += 2;
        -: 1054:	}
        -: 1055:		    
    #####: 1056:	else if (tributeRevealedCards[i] == estate || tributeRevealedCards[i] == duchy || tributeRevealedCards[i] == province || tributeRevealedCards[i] == gardens || tributeRevealedCards[i] == great_hall){//Victory Card Found
    #####: 1057:	  drawCard(currentPlayer, state);
    #####: 1058:	  drawCard(currentPlayer, state);
        -: 1059:	}
        -: 1060:	else{//Action Card
    #####: 1061:	  state->numActions = state->numActions + 2;
        -: 1062:	}
        -: 1063:      }
        -: 1064:	    
    #####: 1065:      return 0;
        -: 1066:		
        -: 1067:    case ambassador:
    #####: 1068:      j = 0;		//used to check if player has enough cards to discard
        -: 1069:
    #####: 1070:      if (choice2 > 2 || choice2 < 0)
        -: 1071:	{
    #####: 1072:	  return -1;				
        -: 1073:	}
        -: 1074:
    #####: 1075:      if (choice1 == handPos)
        -: 1076:	{
    #####: 1077:	  return -1;
        -: 1078:	}
        -: 1079:
    #####: 1080:      for (i = 0; i < state->handCount[currentPlayer]; i++)
        -: 1081:	{
    #####: 1082:	  if (i != handPos && i == state->hand[currentPlayer][choice1] && i != choice1)
        -: 1083:	    {
    #####: 1084:	      j++;
        -: 1085:	    }
        -: 1086:	}
    #####: 1087:      if (j < choice2)
        -: 1088:	{
    #####: 1089:	  return -1;				
        -: 1090:	}
        -: 1091:
        -: 1092:      if (DEBUG) 
        -: 1093:	printf("Player %d reveals card number: %d\n", currentPlayer, state->hand[currentPlayer][choice1]);
        -: 1094:
        -: 1095:      //increase supply count for choosen card by amount being discarded
    #####: 1096:      state->supplyCount[state->hand[currentPlayer][choice1]] += choice2;
        -: 1097:			
        -: 1098:      //each other player gains a copy of revealed card
    #####: 1099:      for (i = 0; i < state->numPlayers; i++)
        -: 1100:	{
    #####: 1101:	  if (i != currentPlayer)
        -: 1102:	    {
    #####: 1103:	      gainCard(state->hand[currentPlayer][choice1], state, 0, i);
        -: 1104:	    }
        -: 1105:	}
        -: 1106:
        -: 1107:      //discard played card from hand
    #####: 1108:      discardCard(handPos, currentPlayer, state, 0);			
        -: 1109:
        -: 1110:      //trash copies of cards returned to supply
    #####: 1111:      for (j = 0; j < choice2; j++)
        -: 1112:	{
    #####: 1113:	  for (i = 0; i < state->handCount[currentPlayer]; i++)
        -: 1114:	    {
    #####: 1115:	      if (state->hand[currentPlayer][i] == state->hand[currentPlayer][choice1])
        -: 1116:		{
    #####: 1117:		  discardCard(i, currentPlayer, state, 1);
    #####: 1118:		  break;
        -: 1119:		}
        -: 1120:	    }
        -: 1121:	}			
        -: 1122:
    #####: 1123:      return 0;
        -: 1124:		
        -: 1125:    case cutpurse:
        -: 1126:
    #####: 1127:      updateCoins(currentPlayer, state, 2);
    #####: 1128:      for (i = 0; i < state->numPlayers; i++)
        -: 1129:	{
    #####: 1130:	  if (i != currentPlayer)
        -: 1131:	    {
    #####: 1132:	      for (j = 0; j < state->handCount[i]; j++)
        -: 1133:		{
    #####: 1134:		  if (state->hand[i][j] == copper)
        -: 1135:		    {
    #####: 1136:		      discardCard(j, i, state, 0);
    #####: 1137:		      break;
        -: 1138:		    }
    #####: 1139:		  if (j == state->handCount[i])
        -: 1140:		    {
    #####: 1141:		      for (k = 0; k < state->handCount[i]; k++)
        -: 1142:			{
        -: 1143:			  if (DEBUG)
        -: 1144:			    printf("Player %d reveals card number %d\n", i, state->hand[i][k]);
        -: 1145:			}	
    #####: 1146:		      break;
        -: 1147:		    }		
        -: 1148:		}
        -: 1149:					
        -: 1150:	    }
        -: 1151:				
        -: 1152:	}				
        -: 1153:
        -: 1154:      //discard played card from hand
    #####: 1155:      discardCard(handPos, currentPlayer, state, 0);			
        -: 1156:
    #####: 1157:      return 0;
        -: 1158:
        -: 1159:		
        -: 1160:    case embargo: 
        -: 1161:      //+2 Coins
    #####: 1162:      state->coins = state->coins + 2;
        -: 1163:			
        -: 1164:      //see if selected pile is in play
    #####: 1165:      if ( state->supplyCount[choice1] == -1 )
        -: 1166:	{
    #####: 1167:	  return -1;
        -: 1168:	}
        -: 1169:			
        -: 1170:      //add embargo token to selected supply pile
    #####: 1171:      state->embargoTokens[choice1]++;
        -: 1172:			
        -: 1173:      //trash card
    #####: 1174:      discardCard(handPos, currentPlayer, state, 1);		
    #####: 1175:      return 0;
        -: 1176:		
        -: 1177:    case outpost:
        -: 1178:      //set outpost flag
    #####: 1179:      state->outpostPlayed++;
        -: 1180:			
        -: 1181:      //discard card
    #####: 1182:      discardCard(handPos, currentPlayer, state, 0);
    #####: 1183:      return 0;
        -: 1184:		
        -: 1185:    case salvager:
        -: 1186:      //+1 buy
    #####: 1187:      state->numBuys++;
        -: 1188:			
    #####: 1189:      if (choice1)
        -: 1190:	{
        -: 1191:	  //gain coins equal to trashed card
    #####: 1192:	  state->coins = state->coins + getCost( handCard(choice1, state) );
        -: 1193:	  //trash card
    #####: 1194:	  discardCard(choice1, currentPlayer, state, 1);	
        -: 1195:	}
        -: 1196:			
        -: 1197:      //discard card
    #####: 1198:      discardCard(handPos, currentPlayer, state, 0);
    #####: 1199:      return 0;
        -: 1200:		
        -: 1201:    case sea_hag:
    #####: 1202:      for (i = 0; i < state->numPlayers; i++){
    #####: 1203:	if (i != currentPlayer){
    #####: 1204:	  state->discard[i][state->discardCount[i]] = state->deck[i][state->deckCount[i]--];			    state->deckCount[i]--;
    #####: 1205:	  state->discardCount[i]++;
    #####: 1206:	  state->deck[i][state->deckCount[i]--] = curse;//Top card now a curse
        -: 1207:	}
        -: 1208:      }
    #####: 1209:      return 0;
        -: 1210:		
        -: 1211:    case treasure_map:
        -: 1212:      //search hand for another treasure_map
    #####: 1213:      index = -1;
    #####: 1214:      for (i = 0; i < state->handCount[currentPlayer]; i++)
        -: 1215:	{
    #####: 1216:	  if (state->hand[currentPlayer][i] == treasure_map && i != handPos)
        -: 1217:	    {
    #####: 1218:	      index = i;
    #####: 1219:	      break;
        -: 1220:	    }
        -: 1221:	}
    #####: 1222:      if (index > -1)
        -: 1223:	{
        -: 1224:	  //trash both treasure cards
    #####: 1225:	  discardCard(handPos, currentPlayer, state, 1);
    #####: 1226:	  discardCard(index, currentPlayer, state, 1);
        -: 1227:
        -: 1228:	  //gain 4 Gold cards
    #####: 1229:	  for (i = 0; i < 4; i++)
        -: 1230:	    {
    #####: 1231:	      gainCard(gold, state, 1, currentPlayer);
        -: 1232:	    }
        -: 1233:				
        -: 1234:	  //return success
    #####: 1235:	  return 1;
        -: 1236:	}
        -: 1237:			
        -: 1238:      //no second treasure_map found in hand
    #####: 1239:      return -1;
        -: 1240:    }
        -: 1241:	
    #####: 1242:  return -1;
        -: 1243:}
        -: 1244:
     2002: 1245:int discardCard(int handPos, int currentPlayer, struct gameState *state, int trashFlag)
        -: 1246:{
        -: 1247:	
        -: 1248:  //if card is not trashed, added to Played pile 
     2002: 1249:  if (trashFlag < 1)
        -: 1250:    {
        -: 1251:      //add card to played pile
     2002: 1252:      state->playedCards[state->playedCardCount] = state->hand[currentPlayer][handPos]; 
     2002: 1253:      state->playedCardCount++;
        -: 1254:    }
        -: 1255:	
        -: 1256:  //set played card to -1
     2002: 1257:  state->hand[currentPlayer][handPos] = -1;
        -: 1258:	
        -: 1259:  //remove card from player's hand
     2002: 1260:  if ( handPos == (state->handCount[currentPlayer] - 1) ) 	//last card in hand array is played
        -: 1261:    {
        -: 1262:      //reduce number of cards in hand
      488: 1263:      state->handCount[currentPlayer]--;
        -: 1264:    }
     1514: 1265:  else if ( state->handCount[currentPlayer] == 1 ) //only one card in hand
        -: 1266:    {
        -: 1267:      //reduce number of cards in hand
        1: 1268:      state->handCount[currentPlayer]--;
        -: 1269:    }
        -: 1270:  else 	
        -: 1271:    {
        -: 1272:      //replace discarded card with last card in hand
     1513: 1273:      state->hand[currentPlayer][handPos] = state->hand[currentPlayer][ (state->handCount[currentPlayer] - 1)];
        -: 1274:      //set last card to -1
     1513: 1275:      state->hand[currentPlayer][state->handCount[currentPlayer] - 1] = -1;
        -: 1276:      //reduce number of cards in hand
     1513: 1277:      state->handCount[currentPlayer]--;
        -: 1278:    }
        -: 1279:	
     2002: 1280:  return 0;
        -: 1281:}
        -: 1282:
      336: 1283:int gainCard(int supplyPos, struct gameState *state, int toFlag, int player)
        -: 1284:{
        -: 1285:  //Note: supplyPos is enum of choosen card
        -: 1286:	
        -: 1287:  //check if supply pile is empty (0) or card is not used in game (-1)
      336: 1288:  if ( supplyCount(supplyPos, state) < 1 )
        -: 1289:    {
      138: 1290:      return -1;
        -: 1291:    }
        -: 1292:	
        -: 1293:  //added card for [whoseTurn] current player:
        -: 1294:  // toFlag = 0 : add to discard
        -: 1295:  // toFlag = 1 : add to deck
        -: 1296:  // toFlag = 2 : add to hand
        -: 1297:
      198: 1298:  if (toFlag == 1)
        -: 1299:    {
       63: 1300:      state->deck[ player ][ state->deckCount[player] ] = supplyPos;
       63: 1301:      state->deckCount[player]++;
        -: 1302:    }
      135: 1303:  else if (toFlag == 2)
        -: 1304:    {
       63: 1305:      state->hand[ player ][ state->handCount[player] ] = supplyPos;
       63: 1306:      state->handCount[player]++;
        -: 1307:    }
        -: 1308:  else
        -: 1309:    {
       72: 1310:      state->discard[player][ state->discardCount[player] ] = supplyPos;
       72: 1311:      state->discardCount[player]++;
        -: 1312:    }
        -: 1313:	
        -: 1314:  //decrease number in supply pile
      198: 1315:  state->supplyCount[supplyPos]--;
        -: 1316:	 
      198: 1317:  return 0;
        -: 1318:}
        -: 1319:
      510: 1320:int updateCoins(int player, struct gameState *state, int bonus)
        -: 1321:{
        -: 1322:  int i;
        -: 1323:	
        -: 1324:  //reset coin count
      510: 1325:  state->coins = 0;
        -: 1326:
        -: 1327:  //add coins for each Treasure card in player's hand
     1620: 1328:  for (i = 0; i < state->handCount[player]; i++)
        -: 1329:    {
     1110: 1330:      if (state->hand[player][i] == copper)
        -: 1331:	{
      384: 1332:	  state->coins += 1;
        -: 1333:	}
      726: 1334:      else if (state->hand[player][i] == silver)
        -: 1335:	{
      312: 1336:	  state->coins += 2;
        -: 1337:	}
      414: 1338:      else if (state->hand[player][i] == gold)
        -: 1339:	{
      312: 1340:	  state->coins += 3;
        -: 1341:	}	
        -: 1342:    }	
        -: 1343:
        -: 1344:  //add bonus
      510: 1345:  state->coins += bonus;
        -: 1346:
      510: 1347:  return 0;
        -: 1348:}
        -: 1349:
        -: 1350:
        -: 1351://end of dominion.c
        -: 1352:
