        -:    0:Source:dominion.c
        -:    0:Graph:dominion.gcno
        -:    0:Data:dominion.gcda
        -:    0:Runs:3
        -:    0:Programs:3
        -:    1:#include "dominion.h"
        -:    2:#include "dominion_helpers.h"
        -:    3:#include "rngs.h"
        -:    4:#include <stdio.h>
        -:    5:#include <math.h>
        -:    6:#include <stdlib.h>
        -:    7:
function compare called 87025 returned 100% blocks executed 100%
    87025:    8:int compare(const void* a, const void* b) {
    87025:    9:  if (*(int*)a > *(int*)b)
branch  0 taken 48% (fallthrough)
branch  1 taken 52%
    41892:   10:    return 1;
    45133:   11:  if (*(int*)a < *(int*)b)
branch  0 taken 34% (fallthrough)
branch  1 taken 66%
    15403:   12:    return -1;
    29730:   13:  return 0;
        -:   14:}
        -:   15:
function newGame called 0 returned 0% blocks executed 0%
    #####:   16:struct gameState* newGame() {
    #####:   17:  struct gameState* g = malloc(sizeof(struct gameState));
    #####:   18:  return g;
        -:   19:}
        -:   20:
function kingdomCards called 0 returned 0% blocks executed 0%
    #####:   21:int* kingdomCards(int k1, int k2, int k3, int k4, int k5, int k6, int k7,
        -:   22:		  int k8, int k9, int k10) {
    #####:   23:  int* k = malloc(10 * sizeof(int));
    #####:   24:  k[0] = k1;
    #####:   25:  k[1] = k2;
    #####:   26:  k[2] = k3;
    #####:   27:  k[3] = k4;
    #####:   28:  k[4] = k5;
    #####:   29:  k[5] = k6;
    #####:   30:  k[6] = k7;
    #####:   31:  k[7] = k8;
    #####:   32:  k[8] = k9;
    #####:   33:  k[9] = k10;
    #####:   34:  return k;
        -:   35:}
        -:   36:
function initializeGame called 2 returned 100% blocks executed 88%
        2:   37:int initializeGame(int numPlayers, int kingdomCards[10], int randomSeed,
        -:   38:		   struct gameState *state) {
        -:   39:
        -:   40:  int i;
        -:   41:  int j;
        -:   42:  int it;			
        -:   43:  //set up random number generator
        2:   44:  SelectStream(1);
call    0 returned 100%
        2:   45:  PutSeed((long)randomSeed);
call    0 returned 100%
        -:   46:  
        -:   47:  //check number of players
        2:   48:  if (numPlayers > MAX_PLAYERS || numPlayers < 2)
branch  0 taken 100% (fallthrough)
branch  1 taken 0%
branch  2 taken 0% (fallthrough)
branch  3 taken 100%
        -:   49:    {
    #####:   50:      return -1;
        -:   51:    }
        -:   52:
        -:   53:  //set number of players
        2:   54:  state->numPlayers = numPlayers;
        -:   55:
        -:   56:  //check selected kingdom cards are different
       22:   57:  for (i = 0; i < 10; i++)
branch  0 taken 91%
branch  1 taken 9% (fallthrough)
        -:   58:    {
      220:   59:      for (j = 0; j < 10; j++)
branch  0 taken 91%
branch  1 taken 9% (fallthrough)
        -:   60:        {
      200:   61:	  if (j != i && kingdomCards[j] == kingdomCards[i])
branch  0 taken 90% (fallthrough)
branch  1 taken 10%
branch  2 taken 0% (fallthrough)
branch  3 taken 100%
        -:   62:	    {
    #####:   63:	      return -1;
        -:   64:	    }
        -:   65:        }
        -:   66:    }
        -:   67:
        -:   68:
        -:   69:  //initialize supply
        -:   70:  ///////////////////////////////
        -:   71:
        -:   72:  //set number of Curse cards
        2:   73:  if (numPlayers == 2)
branch  0 taken 100% (fallthrough)
branch  1 taken 0%
        -:   74:    {
        2:   75:      state->supplyCount[curse] = 10;
        -:   76:    }
    #####:   77:  else if (numPlayers == 3)
branch  0 never executed
branch  1 never executed
        -:   78:    {
    #####:   79:      state->supplyCount[curse] = 20;
        -:   80:    }
        -:   81:  else
        -:   82:    {
    #####:   83:      state->supplyCount[curse] = 30;
        -:   84:    }
        -:   85:
        -:   86:  //set number of Victory cards
        2:   87:  if (numPlayers == 2)
branch  0 taken 100% (fallthrough)
branch  1 taken 0%
        -:   88:    {
        2:   89:      state->supplyCount[estate] = 8;
        2:   90:      state->supplyCount[duchy] = 8;
        2:   91:      state->supplyCount[province] = 8;
        -:   92:    }
        -:   93:  else
        -:   94:    {
    #####:   95:      state->supplyCount[estate] = 12;
    #####:   96:      state->supplyCount[duchy] = 12;
    #####:   97:      state->supplyCount[province] = 12;
        -:   98:    }
        -:   99:
        -:  100:  //set number of Treasure cards
        2:  101:  state->supplyCount[copper] = 60 - (7 * numPlayers);
        2:  102:  state->supplyCount[silver] = 40;
        2:  103:  state->supplyCount[gold] = 30;
        -:  104:
        -:  105:  //set number of Kingdom cards
       42:  106:  for (i = adventurer; i <= treasure_map; i++)       	//loop all cards
branch  0 taken 95%
branch  1 taken 5% (fallthrough)
        -:  107:    {
      330:  108:      for (j = 0; j < 10; j++)           		//loop chosen cards
branch  0 taken 94%
branch  1 taken 6% (fallthrough)
        -:  109:	{
      310:  110:	  if (kingdomCards[j] == i)
branch  0 taken 6% (fallthrough)
branch  1 taken 94%
        -:  111:	    {
        -:  112:	      //check if card is a 'Victory' Kingdom card
       20:  113:	      if (kingdomCards[j] == great_hall || kingdomCards[j] == gardens)
branch  0 taken 90% (fallthrough)
branch  1 taken 10%
branch  2 taken 11% (fallthrough)
branch  3 taken 89%
        -:  114:		{
        8:  115:		  if (numPlayers == 2){ 
branch  0 taken 100% (fallthrough)
branch  1 taken 0%
        4:  116:		    state->supplyCount[i] = 8; 
        -:  117:		  }
    #####:  118:		  else{ state->supplyCount[i] = 12; }
        -:  119:		}
        -:  120:	      else
        -:  121:		{
       16:  122:		  state->supplyCount[i] = 10;
        -:  123:		}
       20:  124:	      break;
        -:  125:	    }
        -:  126:	  else    //card is not in the set choosen for the game
        -:  127:	    {
      290:  128:	      state->supplyCount[i] = -1;
        -:  129:	    }
        -:  130:	}
        -:  131:
        -:  132:    }
        -:  133:
        -:  134:  ////////////////////////
        -:  135:  //supply intilization complete
        -:  136:
        -:  137:  //set player decks
        6:  138:  for (i = 0; i < numPlayers; i++)
branch  0 taken 67%
branch  1 taken 33% (fallthrough)
        -:  139:    {
        4:  140:      state->deckCount[i] = 0;
       16:  141:      for (j = 0; j < 3; j++)
branch  0 taken 75%
branch  1 taken 25% (fallthrough)
        -:  142:	{
       12:  143:	  state->deck[i][j] = estate;
       12:  144:	  state->deckCount[i]++;
        -:  145:	}
       32:  146:      for (j = 3; j < 10; j++)
branch  0 taken 88%
branch  1 taken 13% (fallthrough)
        -:  147:	{
       28:  148:	  state->deck[i][j] = copper;
       28:  149:	  state->deckCount[i]++;		
        -:  150:	}
        -:  151:    }
        -:  152:
        -:  153:  //shuffle player decks
        6:  154:  for (i = 0; i < numPlayers; i++)
branch  0 taken 67%
branch  1 taken 33% (fallthrough)
        -:  155:    {
        4:  156:      if ( shuffle(i, state) < 0 )
call    0 returned 100%
branch  1 taken 0% (fallthrough)
branch  2 taken 100%
        -:  157:	{
    #####:  158:	  return -1;
        -:  159:	}
        -:  160:    }
        -:  161:
        -:  162:  //draw player hands
        6:  163:  for (i = 0; i < numPlayers; i++)
branch  0 taken 67%
branch  1 taken 33% (fallthrough)
        -:  164:    {  
        -:  165:      //initialize hand size to zero
        4:  166:      state->handCount[i] = 0;
        4:  167:      state->discardCount[i] = 0;
        -:  168:      //draw 5 cards
        -:  169:      // for (j = 0; j < 5; j++)
        -:  170:      //	{
        -:  171:      //	  drawCard(i, state);
        -:  172:      //	}
        -:  173:    }
        -:  174:  
        -:  175:  //set embargo tokens to 0 for all supply piles
       56:  176:  for (i = 0; i <= treasure_map; i++)
branch  0 taken 96%
branch  1 taken 4% (fallthrough)
        -:  177:    {
       54:  178:      state->embargoTokens[i] = 0;
        -:  179:    }
        -:  180:
        -:  181:  //initialize first player's turn
        2:  182:  state->outpostPlayed = 0;
        2:  183:  state->phase = 0;
        2:  184:  state->numActions = 1;
        2:  185:  state->numBuys = 1;
        2:  186:  state->playedCardCount = 0;
        2:  187:  state->whoseTurn = 0;
        2:  188:  state->handCount[state->whoseTurn] = 0;
        -:  189:  //int it; move to top
        -:  190:
        -:  191:  //Moved draw cards to here, only drawing at the start of a turn
       12:  192:  for (it = 0; it < 5; it++){
branch  0 taken 83%
branch  1 taken 17% (fallthrough)
       10:  193:    drawCard(state->whoseTurn, state);
call    0 returned 100%
        -:  194:  }
        -:  195:
        2:  196:  updateCoins(state->whoseTurn, state, 0);
call    0 returned 100%
        -:  197:
        2:  198:  return 0;
        -:  199:}
        -:  200:
function shuffle called 98 returned 100% blocks executed 100%
       98:  201:int shuffle(int player, struct gameState *state) {
        -:  202: 
        -:  203:
        -:  204:  int newDeck[MAX_DECK];
       98:  205:  int newDeckPos = 0;
        -:  206:  int card;
        -:  207:  int i;
        -:  208:
       98:  209:  if (state->deckCount[player] < 1)
branch  0 taken 49% (fallthrough)
branch  1 taken 51%
       48:  210:    return -1;
       50:  211:  qsort ((void*)(state->deck[player]), state->deckCount[player], sizeof(int), compare); 
call    0 returned 100%
        -:  212:  /* SORT CARDS IN DECK TO ENSURE DETERMINISM! */
        -:  213:
    12780:  214:  while (state->deckCount[player] > 0) {
branch  0 taken 99%
branch  1 taken 1% (fallthrough)
    12680:  215:    card = floor(Random() * state->deckCount[player]);
call    0 returned 100%
    12680:  216:    newDeck[newDeckPos] = state->deck[player][card];
    12680:  217:    newDeckPos++;
  1103831:  218:    for (i = card; i < state->deckCount[player]-1; i++) {
branch  0 taken 99%
branch  1 taken 1% (fallthrough)
  1091151:  219:      state->deck[player][i] = state->deck[player][i+1];
        -:  220:    }
    12680:  221:    state->deckCount[player]--;
        -:  222:  }
    12730:  223:  for (i = 0; i < newDeckPos; i++) {
branch  0 taken 99%
branch  1 taken 1% (fallthrough)
    12680:  224:    state->deck[player][i] = newDeck[i];
    12680:  225:    state->deckCount[player]++;
        -:  226:  }
        -:  227:
       50:  228:  return 0;
        -:  229:}
        -:  230:
function playCard called 0 returned 0% blocks executed 0%
    #####:  231:int playCard(int handPos, int choice1, int choice2, int choice3, struct gameState *state) 
        -:  232:{	
        -:  233:  int card;
    #####:  234:  int coin_bonus = 0; 		//tracks coins gain from actions
        -:  235:
        -:  236:  //check if it is the right phase
    #####:  237:  if (state->phase != 0)
branch  0 never executed
branch  1 never executed
        -:  238:    {
    #####:  239:      return -1;
        -:  240:    }
        -:  241:	
        -:  242:  //check if player has enough actions
    #####:  243:  if ( state->numActions < 1 )
branch  0 never executed
branch  1 never executed
        -:  244:    {
    #####:  245:      return -1;
        -:  246:    }
        -:  247:	
        -:  248:  //get card played
    #####:  249:  card = handCard(handPos, state);
call    0 never executed
        -:  250:	
        -:  251:  //check if selected card is an action
    #####:  252:  if ( card < adventurer || card > treasure_map )
branch  0 never executed
branch  1 never executed
branch  2 never executed
branch  3 never executed
        -:  253:    {
    #####:  254:      return -1;
        -:  255:    }
        -:  256:	
        -:  257:  //play card
    #####:  258:  if ( cardEffect(card, choice1, choice2, choice3, state, handPos, &coin_bonus) < 0 )
call    0 never executed
branch  1 never executed
branch  2 never executed
        -:  259:    {
    #####:  260:      return -1;
        -:  261:    }
        -:  262:	
        -:  263:  //reduce number of actions
    #####:  264:  state->numActions--;
        -:  265:
        -:  266:  //update coins (Treasure cards may be added with card draws)
    #####:  267:  updateCoins(state->whoseTurn, state, coin_bonus);
call    0 never executed
        -:  268:	
    #####:  269:  return 0;
        -:  270:}
        -:  271:
function buyCard called 0 returned 0% blocks executed 0%
    #####:  272:int buyCard(int supplyPos, struct gameState *state) {
        -:  273:  int who;
        -:  274:  if (DEBUG){
        -:  275:    printf("Entering buyCard...\n");
        -:  276:  }
        -:  277:
        -:  278:  // I don't know what to do about the phase thing.
        -:  279:
    #####:  280:  who = state->whoseTurn;
        -:  281:
    #####:  282:  if (state->numBuys < 1){
branch  0 never executed
branch  1 never executed
        -:  283:    if (DEBUG)
        -:  284:      printf("You do not have any buys left\n");
    #####:  285:    return -1;
    #####:  286:  } else if (supplyCount(supplyPos, state) <1){
call    0 never executed
branch  1 never executed
branch  2 never executed
        -:  287:    if (DEBUG)
        -:  288:      printf("There are not any of that type of card left\n");
    #####:  289:    return -1;
    #####:  290:  } else if (state->coins < getCost(supplyPos)){
call    0 never executed
branch  1 never executed
branch  2 never executed
        -:  291:    if (DEBUG) 
        -:  292:      printf("You do not have enough money to buy that. You have %d coins.\n", state->coins);
    #####:  293:    return -1;
        -:  294:  } else {
    #####:  295:    state->phase=1;
        -:  296:    //state->supplyCount[supplyPos]--;
    #####:  297:    gainCard(supplyPos, state, 0, who); //card goes in discard, this might be wrong.. (2 means goes into hand, 0 goes into discard)
call    0 never executed
        -:  298:  
    #####:  299:    state->coins = (state->coins) - (getCost(supplyPos));
call    0 never executed
    #####:  300:    state->numBuys--;
        -:  301:    if (DEBUG)
        -:  302:      printf("You bought card number %d for %d coins. You now have %d buys and %d coins.\n", supplyPos, getCost(supplyPos), state->numBuys, state->coins);
        -:  303:  }
        -:  304:
        -:  305:  //state->discard[who][state->discardCount[who]] = supplyPos;
        -:  306:  //state->discardCount[who]++;
        -:  307:    
    #####:  308:  return 0;
        -:  309:}
        -:  310:
function numHandCards called 0 returned 0% blocks executed 0%
    #####:  311:int numHandCards(struct gameState *state) {
    #####:  312:  return state->handCount[ whoseTurn(state) ];
call    0 never executed
        -:  313:}
        -:  314:
function handCard called 1966 returned 100% blocks executed 100%
     1966:  315:int handCard(int handPos, struct gameState *state) {
     1966:  316:  int currentPlayer = whoseTurn(state);
call    0 returned 100%
     1966:  317:  return state->hand[currentPlayer][handPos];
        -:  318:}
        -:  319:
function supplyCount called 0 returned 0% blocks executed 0%
    #####:  320:int supplyCount(int card, struct gameState *state) {
    #####:  321:  return state->supplyCount[card];
        -:  322:}
        -:  323:
function fullDeckCount called 0 returned 0% blocks executed 0%
    #####:  324:int fullDeckCount(int player, int card, struct gameState *state) {
        -:  325:  int i;
    #####:  326:  int count = 0;
        -:  327:
    #####:  328:  for (i = 0; i < state->deckCount[player]; i++)
branch  0 never executed
branch  1 never executed
        -:  329:    {
    #####:  330:      if (state->deck[player][i] == card) count++;
branch  0 never executed
branch  1 never executed
        -:  331:    }
        -:  332:
    #####:  333:  for (i = 0; i < state->handCount[player]; i++)
branch  0 never executed
branch  1 never executed
        -:  334:    {
    #####:  335:      if (state->hand[player][i] == card) count++;
branch  0 never executed
branch  1 never executed
        -:  336:    }
        -:  337:
    #####:  338:  for (i = 0; i < state->discardCount[player]; i++)
branch  0 never executed
branch  1 never executed
        -:  339:    {
    #####:  340:      if (state->discard[player][i] == card) count++;
branch  0 never executed
branch  1 never executed
        -:  341:    }
        -:  342:
    #####:  343:  return count;
        -:  344:}
        -:  345:
function whoseTurn called 13966 returned 100% blocks executed 100%
    13966:  346:int whoseTurn(struct gameState *state) {
    13966:  347:  return state->whoseTurn;
        -:  348:}
        -:  349:
function endTurn called 0 returned 0% blocks executed 0%
    #####:  350:int endTurn(struct gameState *state) {
        -:  351:  int k;
        -:  352:  int i;
    #####:  353:  int currentPlayer = whoseTurn(state);
call    0 never executed
        -:  354:  
        -:  355:  //Discard hand
    #####:  356:  for (i = 0; i < state->handCount[currentPlayer]; i++){
branch  0 never executed
branch  1 never executed
    #####:  357:    state->discard[currentPlayer][state->discardCount[currentPlayer]++] = state->hand[currentPlayer][i];//Discard
    #####:  358:    state->hand[currentPlayer][i] = -1;//Set card to -1
        -:  359:  }
    #####:  360:  state->handCount[currentPlayer] = 0;//Reset hand count
        -:  361:    
        -:  362:  //Code for determining the player
    #####:  363:  if (currentPlayer < (state->numPlayers - 1)){ 
branch  0 never executed
branch  1 never executed
    #####:  364:    state->whoseTurn = currentPlayer + 1;//Still safe to increment
        -:  365:  }
        -:  366:  else{
    #####:  367:    state->whoseTurn = 0;//Max player has been reached, loop back around to player 1
        -:  368:  }
        -:  369:
    #####:  370:  state->outpostPlayed = 0;
    #####:  371:  state->phase = 0;
    #####:  372:  state->numActions = 1;
    #####:  373:  state->coins = 0;
    #####:  374:  state->numBuys = 1;
    #####:  375:  state->playedCardCount = 0;
    #####:  376:  state->handCount[state->whoseTurn] = 0;
        -:  377:
        -:  378:  //int k; move to top
        -:  379:  //Next player draws hand
    #####:  380:  for (k = 0; k < 5; k++){
branch  0 never executed
branch  1 never executed
    #####:  381:    drawCard(state->whoseTurn, state);//Draw a card
call    0 never executed
        -:  382:  }
        -:  383:
        -:  384:  //Update money
    #####:  385:  updateCoins(state->whoseTurn, state , 0);
call    0 never executed
        -:  386:
    #####:  387:  return 0;
        -:  388:}
        -:  389:
function isGameOver called 0 returned 0% blocks executed 0%
    #####:  390:int isGameOver(struct gameState *state) {
        -:  391:  int i;
        -:  392:  int j;
        -:  393:	
        -:  394:  //if stack of Province cards is empty, the game ends
    #####:  395:  if (state->supplyCount[province] == 0)
branch  0 never executed
branch  1 never executed
        -:  396:    {
    #####:  397:      return 1;
        -:  398:    }
        -:  399:
        -:  400:  //if three supply pile are at 0, the game ends
    #####:  401:  j = 0;
    #####:  402:  for (i = 0; i < 25; i++)
branch  0 never executed
branch  1 never executed
        -:  403:    {
    #####:  404:      if (state->supplyCount[i] == 0)
branch  0 never executed
branch  1 never executed
        -:  405:	{
    #####:  406:	  j++;
        -:  407:	}
        -:  408:    }
    #####:  409:  if ( j >= 3)
branch  0 never executed
branch  1 never executed
        -:  410:    {
    #####:  411:      return 1;
        -:  412:    }
        -:  413:
    #####:  414:  return 0;
        -:  415:}
        -:  416:
function scoreFor called 0 returned 0% blocks executed 0%
    #####:  417:int scoreFor (int player, struct gameState *state) {
        -:  418:
        -:  419:  int i;
    #####:  420:  int score = 0;
        -:  421:  //score from hand
    #####:  422:  for (i = 0; i < state->handCount[player]; i++)
branch  0 never executed
branch  1 never executed
        -:  423:    {
    #####:  424:      if (state->hand[player][i] == curse) { score = score - 1; };
branch  0 never executed
branch  1 never executed
    #####:  425:      if (state->hand[player][i] == estate) { score = score + 1; };
branch  0 never executed
branch  1 never executed
    #####:  426:      if (state->hand[player][i] == duchy) { score = score + 3; };
branch  0 never executed
branch  1 never executed
    #####:  427:      if (state->hand[player][i] == province) { score = score + 6; };
branch  0 never executed
branch  1 never executed
    #####:  428:      if (state->hand[player][i] == great_hall) { score = score + 1; };
branch  0 never executed
branch  1 never executed
    #####:  429:      if (state->hand[player][i] == gardens) { score = score + ( fullDeckCount(player, 0, state) / 10 ); };
branch  0 never executed
branch  1 never executed
call    2 never executed
        -:  430:    }
        -:  431:
        -:  432:  //score from discard
    #####:  433:  for (i = 0; i < state->discardCount[player]; i++)
branch  0 never executed
branch  1 never executed
        -:  434:    {
    #####:  435:      if (state->discard[player][i] == curse) { score = score - 1; };
branch  0 never executed
branch  1 never executed
    #####:  436:      if (state->discard[player][i] == estate) { score = score + 1; };
branch  0 never executed
branch  1 never executed
    #####:  437:      if (state->discard[player][i] == duchy) { score = score + 3; };
branch  0 never executed
branch  1 never executed
    #####:  438:      if (state->discard[player][i] == province) { score = score + 6; };
branch  0 never executed
branch  1 never executed
    #####:  439:      if (state->discard[player][i] == great_hall) { score = score + 1; };
branch  0 never executed
branch  1 never executed
    #####:  440:      if (state->discard[player][i] == gardens) { score = score + ( fullDeckCount(player, 0, state) / 10 ); };
branch  0 never executed
branch  1 never executed
call    2 never executed
        -:  441:    }
        -:  442:
        -:  443:  //score from deck
    #####:  444:  for (i = 0; i < state->discardCount[player]; i++)
branch  0 never executed
branch  1 never executed
        -:  445:    {
    #####:  446:      if (state->deck[player][i] == curse) { score = score - 1; };
branch  0 never executed
branch  1 never executed
    #####:  447:      if (state->deck[player][i] == estate) { score = score + 1; };
branch  0 never executed
branch  1 never executed
    #####:  448:      if (state->deck[player][i] == duchy) { score = score + 3; };
branch  0 never executed
branch  1 never executed
    #####:  449:      if (state->deck[player][i] == province) { score = score + 6; };
branch  0 never executed
branch  1 never executed
    #####:  450:      if (state->deck[player][i] == great_hall) { score = score + 1; };
branch  0 never executed
branch  1 never executed
    #####:  451:      if (state->deck[player][i] == gardens) { score = score + ( fullDeckCount(player, 0, state) / 10 ); };
branch  0 never executed
branch  1 never executed
call    2 never executed
        -:  452:    }
        -:  453:
    #####:  454:  return score;
        -:  455:}
        -:  456:
function getWinners called 0 returned 0% blocks executed 0%
    #####:  457:int getWinners(int players[MAX_PLAYERS], struct gameState *state) {
        -:  458:  int i;	
        -:  459:  int j;
        -:  460:  int highScore;
        -:  461:  int currentPlayer;
        -:  462:
        -:  463:  //get score for each player
    #####:  464:  for (i = 0; i < MAX_PLAYERS; i++)
branch  0 never executed
branch  1 never executed
        -:  465:    {
        -:  466:      //set unused player scores to -9999
    #####:  467:      if (i >= state->numPlayers)
branch  0 never executed
branch  1 never executed
        -:  468:	{
    #####:  469:	  players[i] = -9999;
        -:  470:	}
        -:  471:      else
        -:  472:	{
    #####:  473:	  players[i] = scoreFor (i, state);
call    0 never executed
        -:  474:	}
        -:  475:    }
        -:  476:
        -:  477:  //find highest score
    #####:  478:  j = 0;
    #####:  479:  for (i = 0; i < MAX_PLAYERS; i++)
branch  0 never executed
branch  1 never executed
        -:  480:    {
    #####:  481:      if (players[i] > players[j])
branch  0 never executed
branch  1 never executed
        -:  482:	{
    #####:  483:	  j = i;
        -:  484:	}
        -:  485:    }
    #####:  486:  highScore = players[j];
        -:  487:
        -:  488:  //add 1 to players who had less turns
    #####:  489:  currentPlayer = whoseTurn(state);
call    0 never executed
    #####:  490:  for (i = 0; i < MAX_PLAYERS; i++)
branch  0 never executed
branch  1 never executed
        -:  491:    {
    #####:  492:      if ( players[i] == highScore && i > currentPlayer )
branch  0 never executed
branch  1 never executed
branch  2 never executed
branch  3 never executed
        -:  493:	{
    #####:  494:	  players[i]++;
        -:  495:	}
        -:  496:    }
        -:  497:
        -:  498:  //find new highest score
    #####:  499:  j = 0;
    #####:  500:  for (i = 0; i < MAX_PLAYERS; i++)
branch  0 never executed
branch  1 never executed
        -:  501:    {
    #####:  502:      if ( players[i] > players[j] )
branch  0 never executed
branch  1 never executed
        -:  503:	{
    #####:  504:	  j = i;
        -:  505:	}
        -:  506:    }
    #####:  507:  highScore = players[j];
        -:  508:
        -:  509:  //set winners in array to 1 and rest to 0
    #####:  510:  for (i = 0; i < MAX_PLAYERS; i++)
branch  0 never executed
branch  1 never executed
        -:  511:    {
    #####:  512:      if ( players[i] == highScore )
branch  0 never executed
branch  1 never executed
        -:  513:	{
    #####:  514:	  players[i] = 1;
        -:  515:	}
        -:  516:      else
        -:  517:	{
    #####:  518:	  players[i] = 0;
        -:  519:	}
        -:  520:    }
        -:  521:
    #####:  522:  return 0;
        -:  523:}
        -:  524:
function drawCard called 26526 returned 100% blocks executed 100%
    26526:  525:int drawCard(int player, struct gameState *state)
        -:  526:{	int count;
        -:  527:  int deckCounter;
    26526:  528:  if (state->deckCount[player] <= 0){//Deck is empty
branch  0 taken 1% (fallthrough)
branch  1 taken 99%
        -:  529:    
        -:  530:    //Step 1 Shuffle the discard pile back into a deck
        -:  531:    int i;
        -:  532:    //Move discard to deck
    12688:  533:    for (i = 0; i < state->discardCount[player];i++){
branch  0 taken 99%
branch  1 taken 1% (fallthrough)
    12640:  534:      state->deck[player][i] = state->discard[player][i];
    12640:  535:      state->discard[player][i] = -1;
        -:  536:    }
        -:  537:
       48:  538:    state->deckCount[player] = state->discardCount[player];
       48:  539:    state->discardCount[player] = 0;//Reset discard
        -:  540:
        -:  541:    //Shufffle the deck
       48:  542:    shuffle(player, state);//Shuffle the deck up and make it so that we can draw
call    0 returned 100%
        -:  543:   
        -:  544:    if (DEBUG){//Debug statements
        -:  545:      printf("Deck count now: %d\n", state->deckCount[player]);
        -:  546:    }
        -:  547:    
       48:  548:    state->discardCount[player] = 0;
        -:  549:
        -:  550:    //Step 2 Draw Card
       48:  551:    count = state->handCount[player];//Get current player's hand count
        -:  552:    
        -:  553:    if (DEBUG){//Debug statements
        -:  554:      printf("Current hand count: %d\n", count);
        -:  555:    }
        -:  556:    
       48:  557:    deckCounter = state->deckCount[player];//Create a holder for the deck count
        -:  558:
       48:  559:    if (deckCounter == 0)
branch  0 taken 4% (fallthrough)
branch  1 taken 96%
        2:  560:      return -1;
        -:  561:
       46:  562:    state->hand[player][count] = state->deck[player][deckCounter - 1];//Add card to hand
       46:  563:    state->deckCount[player]--;
       46:  564:    state->handCount[player]++;//Increment hand count
        -:  565:  }
        -:  566:
        -:  567:  else{
    26478:  568:    int count = state->handCount[player];//Get current hand count for player
        -:  569:    int deckCounter;
        -:  570:    if (DEBUG){//Debug statements
        -:  571:      printf("Current hand count: %d\n", count);
        -:  572:    }
        -:  573:
    26478:  574:    deckCounter = state->deckCount[player];//Create holder for the deck count
    26478:  575:    state->hand[player][count] = state->deck[player][deckCounter - 1];//Add card to the hand
    26478:  576:    state->deckCount[player]--;
    26478:  577:    state->handCount[player]++;//Increment hand count
        -:  578:  }
        -:  579:
    26524:  580:  return 0;
        -:  581:}
        -:  582:
function getCost called 3966 returned 100% blocks executed 67%
     3966:  583:int getCost(int cardNumber)
        -:  584:{
     3966:  585:  switch( cardNumber ) 
branch  0 taken 6%
branch  1 taken 6%
branch  2 taken 6%
branch  3 taken 6%
branch  4 taken 5%
branch  5 taken 5%
branch  6 taken 6%
branch  7 taken 6%
branch  8 taken 6%
branch  9 taken 6%
branch 10 taken 6%
branch 11 taken 6%
branch 12 taken 7%
branch 13 taken 6%
branch 14 taken 6%
branch 15 taken 6%
branch 16 taken 6%
branch 17 taken 0%
branch 18 taken 0%
branch 19 taken 0%
branch 20 taken 0%
branch 21 taken 0%
branch 22 taken 0%
branch 23 taken 0%
branch 24 taken 1%
branch 25 taken 0%
branch 26 taken 0%
branch 27 taken 0%
        -:  586:    {
        -:  587:    case curse:
      222:  588:      return 0;
        -:  589:    case estate:
      237:  590:      return 2;
        -:  591:    case duchy:
      228:  592:      return 5;
        -:  593:    case province:
      247:  594:      return 8;
        -:  595:    case copper:
      213:  596:      return 0;
        -:  597:    case silver:
      215:  598:      return 3;
        -:  599:    case gold:
      247:  600:      return 6;
        -:  601:    case adventurer:
      220:  602:      return 6;
        -:  603:    case council_room:
      227:  604:      return 5;
        -:  605:    case feast:
      224:  606:      return 4;
        -:  607:    case gardens:
      241:  608:      return 4;
        -:  609:    case mine:
      242:  610:      return 5;
        -:  611:    case remodel:
      266:  612:      return 4;
        -:  613:    case smithy:
      224:  614:      return 4;
        -:  615:    case village:
      224:  616:      return 3;
        -:  617:    case baron:
      224:  618:      return 4;
        -:  619:    case great_hall:
      257:  620:      return 3;
        -:  621:    case minion:
    #####:  622:      return 5;
        -:  623:    case steward:
    #####:  624:      return 3;
        -:  625:    case tribute:
    #####:  626:      return 5;
        -:  627:    case ambassador:
    #####:  628:      return 3;
        -:  629:    case cutpurse:
    #####:  630:      return 4;
        -:  631:    case embargo: 
    #####:  632:      return 2;
        -:  633:    case outpost:
    #####:  634:      return 5;
        -:  635:    case salvager:
        8:  636:      return 4;
        -:  637:    case sea_hag:
    #####:  638:      return 4;
        -:  639:    case treasure_map:
    #####:  640:      return 4;
        -:  641:    }
        -:  642:	
    #####:  643:  return -1;
        -:  644:}
        -:  645:
function cardEffect called 6000 returned 100% blocks executed 6%
     6000:  646:int cardEffect(int card, int choice1, int choice2, int choice3, struct gameState *state, int handPos, int *bonus)
        -:  647:{
        -:  648:  int i;
        -:  649:  int j;
        -:  650:  int k;
        -:  651:  int x;
        -:  652:  int index;
     6000:  653:  int currentPlayer = whoseTurn(state);
call    0 returned 100%
     6000:  654:  int nextPlayer = currentPlayer + 1;
        -:  655:
     6000:  656:  int tributeRevealedCards[2] = {-1, -1};
        -:  657:  int temphand[MAX_HAND];// moved above the if statement
     6000:  658:  int drawntreasure=0;
        -:  659:  int cardDrawn;
     6000:  660:  int z = 0;// this is the counter for the temp hand
     6000:  661:  if (nextPlayer > (state->numPlayers - 1)){
branch  0 taken 50% (fallthrough)
branch  1 taken 50%
     3012:  662:    nextPlayer = 0;
        -:  663:  }
        -:  664:  
        -:  665:	
        -:  666:  //uses switch to select card and perform actions
     6000:  667:  switch( card ) 
branch  0 taken 33%
branch  1 taken 0%
branch  2 taken 0%
branch  3 taken 0%
branch  4 taken 0%
branch  5 taken 0%
branch  6 taken 33%
branch  7 taken 0%
branch  8 taken 0%
branch  9 taken 0%
branch 10 taken 0%
branch 11 taken 0%
branch 12 taken 0%
branch 13 taken 0%
branch 14 taken 0%
branch 15 taken 0%
branch 16 taken 0%
branch 17 taken 33%
branch 18 taken 0%
branch 19 taken 0%
branch 20 taken 0%
        -:  668:    {
        -:  669:    case adventurer:
     2000:  670:        adventurerCardEffect(state);
call    0 returned 100%
     2000:  671:        return 0;
        -:  672:			
        -:  673:    case council_room:
        -:  674:      //+4 Cards
    #####:  675:      for (i = 0; i < 4; i++)
branch  0 never executed
branch  1 never executed
        -:  676:	{
    #####:  677:	  drawCard(currentPlayer, state);
call    0 never executed
        -:  678:	}
        -:  679:			
        -:  680:      //+1 Buy
    #####:  681:      state->numBuys++;
        -:  682:			
        -:  683:      //Each other player draws a card
    #####:  684:      for (i = 0; i < state->numPlayers; i++)
branch  0 never executed
branch  1 never executed
        -:  685:	{
    #####:  686:	  if ( i != currentPlayer )
branch  0 never executed
branch  1 never executed
        -:  687:	    {
    #####:  688:	      drawCard(i, state);
call    0 never executed
        -:  689:	    }
        -:  690:	}
        -:  691:			
        -:  692:      //put played card in played card pile
    #####:  693:      discardCard(handPos, currentPlayer, state, 0);
call    0 never executed
        -:  694:			
    #####:  695:      return 0;
        -:  696:			
        -:  697:    case feast:
        -:  698:      //gain card with cost up to 5
        -:  699:      //Backup hand
    #####:  700:      for (i = 0; i <= state->handCount[currentPlayer]; i++){
branch  0 never executed
branch  1 never executed
    #####:  701:	temphand[i] = state->hand[currentPlayer][i];//Backup card
    #####:  702:	state->hand[currentPlayer][i] = -1;//Set to nothing
        -:  703:      }
        -:  704:      //Backup hand
        -:  705:
        -:  706:      //Update Coins for Buy
    #####:  707:      updateCoins(currentPlayer, state, 5);
call    0 never executed
    #####:  708:      x = 1;//Condition to loop on
    #####:  709:      while( x == 1) {//Buy one card
branch  0 never executed
branch  1 never executed
    #####:  710:	if (supplyCount(choice1, state) <= 0){
call    0 never executed
branch  1 never executed
branch  2 never executed
        -:  711:	  if (DEBUG)
        -:  712:	    printf("None of that card left, sorry!\n");
        -:  713:
        -:  714:	  if (DEBUG){
        -:  715:	    printf("Cards Left: %d\n", supplyCount(choice1, state));
        -:  716:	  }
        -:  717:	}
    #####:  718:	else if (state->coins < getCost(choice1)){
call    0 never executed
branch  1 never executed
branch  2 never executed
    #####:  719:	  printf("That card is too expensive!\n");
call    0 never executed
        -:  720:
        -:  721:	  if (DEBUG){
        -:  722:	    printf("Coins: %d < %d\n", state->coins, getCost(choice1));
        -:  723:	  }
        -:  724:	}
        -:  725:	else{
        -:  726:
        -:  727:	  if (DEBUG){
        -:  728:	    printf("Deck Count: %d\n", state->handCount[currentPlayer] + state->deckCount[currentPlayer] + state->discardCount[currentPlayer]);
        -:  729:	  }
        -:  730:
    #####:  731:	  gainCard(choice1, state, 0, currentPlayer);//Gain the card
call    0 never executed
    #####:  732:	  x = 0;//No more buying cards
        -:  733:
        -:  734:	  if (DEBUG){
        -:  735:	    printf("Deck Count: %d\n", state->handCount[currentPlayer] + state->deckCount[currentPlayer] + state->discardCount[currentPlayer]);
        -:  736:	  }
        -:  737:
        -:  738:	}
        -:  739:      }     
        -:  740:
        -:  741:      //Reset Hand
    #####:  742:      for (i = 0; i <= state->handCount[currentPlayer]; i++){
branch  0 never executed
branch  1 never executed
    #####:  743:	state->hand[currentPlayer][i] = temphand[i];
    #####:  744:	temphand[i] = -1;
        -:  745:      }
        -:  746:      //Reset Hand
        -:  747:      			
    #####:  748:      return 0;
        -:  749:			
        -:  750:    case gardens:
    #####:  751:      return -1;
        -:  752:			
        -:  753:    case mine:
    #####:  754:      mineCardEffect(choice1, choice2, state, handPos);
call    0 never executed
    #####:  755:      return 0;
        -:  756:			
        -:  757:    case remodel:
    #####:  758:      j = state->hand[currentPlayer][choice1];  //store card we will trash
        -:  759:
    #####:  760:      if ( (getCost(state->hand[currentPlayer][choice1]) + 2) > getCost(choice2) )
call    0 never executed
call    1 never executed
branch  2 never executed
branch  3 never executed
        -:  761:	{
    #####:  762:	  return -1;
        -:  763:	}
        -:  764:
    #####:  765:      gainCard(choice2, state, 0, currentPlayer);
call    0 never executed
        -:  766:
        -:  767:      //discard card from hand
    #####:  768:      discardCard(handPos, currentPlayer, state, 0);
call    0 never executed
        -:  769:
        -:  770:      //discard trashed card
    #####:  771:      for (i = 0; i < state->handCount[currentPlayer]; i++)
branch  0 never executed
branch  1 never executed
        -:  772:	{
    #####:  773:	  if (state->hand[currentPlayer][i] == j)
branch  0 never executed
branch  1 never executed
        -:  774:	    {
    #####:  775:	      discardCard(i, currentPlayer, state, 0);			
call    0 never executed
    #####:  776:	      break;
        -:  777:	    }
        -:  778:	}
        -:  779:
        -:  780:
    #####:  781:      return 0;
        -:  782:		
        -:  783:    case smithy:
     2000:  784:      smithyCardEffect(state, handPos);
call    0 returned 100%
     2000:  785:      return 0;
        -:  786:		
        -:  787:    case village:
        -:  788:      //+1 Card
    #####:  789:      drawCard(currentPlayer, state);
call    0 never executed
        -:  790:			
        -:  791:      //+2 Actions
    #####:  792:      state->numActions = state->numActions + 2;
        -:  793:			
        -:  794:      //discard played card from hand
    #####:  795:      discardCard(handPos, currentPlayer, state, 0);
call    0 never executed
    #####:  796:      return 0;
        -:  797:		
        -:  798:    case baron:
    #####:  799:      baronCardEffect(choice1, state);
call    0 never executed
    #####:  800:      return 0;
        -:  801:		
        -:  802:    case great_hall:
        -:  803:      //+1 Card
    #####:  804:      drawCard(currentPlayer, state);
call    0 never executed
        -:  805:			
        -:  806:      //+1 Actions
    #####:  807:      state->numActions++;
        -:  808:			
        -:  809:      //discard card from hand
    #####:  810:      discardCard(handPos, currentPlayer, state, 0);
call    0 never executed
    #####:  811:      return 0;
        -:  812:		
        -:  813:    case minion:
        -:  814:      //+1 action
    #####:  815:      state->numActions++;
        -:  816:			
        -:  817:      //discard card from hand
    #####:  818:      discardCard(handPos, currentPlayer, state, 0);
call    0 never executed
        -:  819:			
    #####:  820:      if (choice1)		//+2 coins
branch  0 never executed
branch  1 never executed
        -:  821:	{
    #####:  822:	  state->coins = state->coins + 2;
        -:  823:	}
        -:  824:			
    #####:  825:      else if (choice2)		//discard hand, redraw 4, other players with 5+ cards discard hand and draw 4
branch  0 never executed
branch  1 never executed
        -:  826:	{
        -:  827:	  //discard hand
    #####:  828:	  while(numHandCards(state) > 0)
call    0 never executed
branch  1 never executed
branch  2 never executed
        -:  829:	    {
    #####:  830:	      discardCard(handPos, currentPlayer, state, 0);
call    0 never executed
        -:  831:	    }
        -:  832:				
        -:  833:	  //draw 4
    #####:  834:	  for (i = 0; i < 4; i++)
branch  0 never executed
branch  1 never executed
        -:  835:	    {
    #####:  836:	      drawCard(currentPlayer, state);
call    0 never executed
        -:  837:	    }
        -:  838:				
        -:  839:	  //other players discard hand and redraw if hand size > 4
    #####:  840:	  for (i = 0; i < state->numPlayers; i++)
branch  0 never executed
branch  1 never executed
        -:  841:	    {
    #####:  842:	      if (i != currentPlayer)
branch  0 never executed
branch  1 never executed
        -:  843:		{
    #####:  844:		  if ( state->handCount[i] > 4 )
branch  0 never executed
branch  1 never executed
        -:  845:		    {
        -:  846:		      //discard hand
    #####:  847:		      while( state->handCount[i] > 0 )
branch  0 never executed
branch  1 never executed
        -:  848:			{
    #####:  849:			  discardCard(handPos, i, state, 0);
call    0 never executed
        -:  850:			}
        -:  851:							
        -:  852:		      //draw 4
    #####:  853:		      for (j = 0; j < 4; j++)
branch  0 never executed
branch  1 never executed
        -:  854:			{
    #####:  855:			  drawCard(i, state);
call    0 never executed
        -:  856:			}
        -:  857:		    }
        -:  858:		}
        -:  859:	    }
        -:  860:				
        -:  861:	}
    #####:  862:      return 0;
        -:  863:		
        -:  864:    case steward:
    #####:  865:      if (choice1 == 1)
branch  0 never executed
branch  1 never executed
        -:  866:	{
        -:  867:	  //+2 cards
    #####:  868:	  drawCard(currentPlayer, state);
call    0 never executed
    #####:  869:	  drawCard(currentPlayer, state);
call    0 never executed
        -:  870:	}
    #####:  871:      else if (choice1 == 2)
branch  0 never executed
branch  1 never executed
        -:  872:	{
        -:  873:	  //+2 coins
    #####:  874:	  state->coins = state->coins + 2;
        -:  875:	}
        -:  876:      else
        -:  877:	{
        -:  878:	  //trash 2 cards in hand
    #####:  879:	  discardCard(choice2, currentPlayer, state, 1);
call    0 never executed
    #####:  880:	  discardCard(choice3, currentPlayer, state, 1);
call    0 never executed
        -:  881:	}
        -:  882:			
        -:  883:      //discard card from hand
    #####:  884:      discardCard(handPos, currentPlayer, state, 0);
call    0 never executed
    #####:  885:      return 0;
        -:  886:		
        -:  887:    case tribute:
    #####:  888:      if ((state->discardCount[nextPlayer] + state->deckCount[nextPlayer]) <= 1){
branch  0 never executed
branch  1 never executed
    #####:  889:	if (state->deckCount[nextPlayer] > 0){
branch  0 never executed
branch  1 never executed
    #####:  890:	  tributeRevealedCards[0] = state->deck[nextPlayer][state->deckCount[nextPlayer]-1];
    #####:  891:	  state->deckCount[nextPlayer]--;
        -:  892:	}
    #####:  893:	else if (state->discardCount[nextPlayer] > 0){
branch  0 never executed
branch  1 never executed
    #####:  894:	  tributeRevealedCards[0] = state->discard[nextPlayer][state->discardCount[nextPlayer]-1];
    #####:  895:	  state->discardCount[nextPlayer]--;
        -:  896:	}
        -:  897:	else{
        -:  898:	  //No Card to Reveal
        -:  899:	  if (DEBUG){
        -:  900:	    printf("No cards to reveal\n");
        -:  901:	  }
        -:  902:	}
        -:  903:      }
        -:  904:	    
        -:  905:      else{
    #####:  906:	if (state->deckCount[nextPlayer] == 0){
branch  0 never executed
branch  1 never executed
    #####:  907:	  for (i = 0; i < state->discardCount[nextPlayer]; i++){
branch  0 never executed
branch  1 never executed
    #####:  908:	    state->deck[nextPlayer][i] = state->discard[nextPlayer][i];//Move to deck
    #####:  909:	    state->deckCount[nextPlayer]++;
    #####:  910:	    state->discard[nextPlayer][i] = -1;
    #####:  911:	    state->discardCount[nextPlayer]--;
        -:  912:	  }
        -:  913:			    
    #####:  914:	  shuffle(nextPlayer,state);//Shuffle the deck
call    0 never executed
        -:  915:	} 
    #####:  916:	tributeRevealedCards[0] = state->deck[nextPlayer][state->deckCount[nextPlayer]-1];
    #####:  917:	state->deck[nextPlayer][state->deckCount[nextPlayer]--] = -1;
    #####:  918:	state->deckCount[nextPlayer]--;
    #####:  919:	tributeRevealedCards[1] = state->deck[nextPlayer][state->deckCount[nextPlayer]-1];
    #####:  920:	state->deck[nextPlayer][state->deckCount[nextPlayer]--] = -1;
    #####:  921:	state->deckCount[nextPlayer]--;
        -:  922:      }    
        -:  923:		       
    #####:  924:      if (tributeRevealedCards[0] == tributeRevealedCards[1]){//If we have a duplicate card, just drop one 
branch  0 never executed
branch  1 never executed
    #####:  925:	state->playedCards[state->playedCardCount] = tributeRevealedCards[1];
    #####:  926:	state->playedCardCount++;
    #####:  927:	tributeRevealedCards[1] = -1;
        -:  928:      }
        -:  929:
    #####:  930:      for (i = 0; i <= 2; i ++){
branch  0 never executed
branch  1 never executed
    #####:  931:	if (tributeRevealedCards[i] == copper || tributeRevealedCards[i] == silver || tributeRevealedCards[i] == gold){//Treasure cards
branch  0 never executed
branch  1 never executed
branch  2 never executed
branch  3 never executed
branch  4 never executed
branch  5 never executed
    #####:  932:	  state->coins += 2;
        -:  933:	}
        -:  934:		    
    #####:  935:	else if (tributeRevealedCards[i] == estate || tributeRevealedCards[i] == duchy || tributeRevealedCards[i] == province || tributeRevealedCards[i] == gardens || tributeRevealedCards[i] == great_hall){//Victory Card Found
branch  0 never executed
branch  1 never executed
branch  2 never executed
branch  3 never executed
branch  4 never executed
branch  5 never executed
branch  6 never executed
branch  7 never executed
branch  8 never executed
branch  9 never executed
    #####:  936:	  drawCard(currentPlayer, state);
call    0 never executed
    #####:  937:	  drawCard(currentPlayer, state);
call    0 never executed
        -:  938:	}
        -:  939:	else{//Action Card
    #####:  940:	  state->numActions = state->numActions + 2;
        -:  941:	}
        -:  942:      }
        -:  943:	    
    #####:  944:      return 0;
        -:  945:		
        -:  946:    case ambassador:
    #####:  947:      j = 0;		//used to check if player has enough cards to discard
        -:  948:
    #####:  949:      if (choice2 > 2 || choice2 < 0)
branch  0 never executed
branch  1 never executed
branch  2 never executed
branch  3 never executed
        -:  950:	{
    #####:  951:	  return -1;				
        -:  952:	}
        -:  953:
    #####:  954:      if (choice1 == handPos)
branch  0 never executed
branch  1 never executed
        -:  955:	{
    #####:  956:	  return -1;
        -:  957:	}
        -:  958:
    #####:  959:      for (i = 0; i < state->handCount[currentPlayer]; i++)
branch  0 never executed
branch  1 never executed
        -:  960:	{
    #####:  961:	  if (i != handPos && i == state->hand[currentPlayer][choice1] && i != choice1)
branch  0 never executed
branch  1 never executed
branch  2 never executed
branch  3 never executed
branch  4 never executed
branch  5 never executed
        -:  962:	    {
    #####:  963:	      j++;
        -:  964:	    }
        -:  965:	}
    #####:  966:      if (j < choice2)
branch  0 never executed
branch  1 never executed
        -:  967:	{
    #####:  968:	  return -1;				
        -:  969:	}
        -:  970:
        -:  971:      if (DEBUG) 
        -:  972:	printf("Player %d reveals card number: %d\n", currentPlayer, state->hand[currentPlayer][choice1]);
        -:  973:
        -:  974:      //increase supply count for choosen card by amount being discarded
    #####:  975:      state->supplyCount[state->hand[currentPlayer][choice1]] += choice2;
        -:  976:			
        -:  977:      //each other player gains a copy of revealed card
    #####:  978:      for (i = 0; i < state->numPlayers; i++)
branch  0 never executed
branch  1 never executed
        -:  979:	{
    #####:  980:	  if (i != currentPlayer)
branch  0 never executed
branch  1 never executed
        -:  981:	    {
    #####:  982:	      gainCard(state->hand[currentPlayer][choice1], state, 0, i);
call    0 never executed
        -:  983:	    }
        -:  984:	}
        -:  985:
        -:  986:      //discard played card from hand
    #####:  987:      discardCard(handPos, currentPlayer, state, 0);			
call    0 never executed
        -:  988:
        -:  989:      //trash copies of cards returned to supply
    #####:  990:      for (j = 0; j < choice2; j++)
branch  0 never executed
branch  1 never executed
        -:  991:	{
    #####:  992:	  for (i = 0; i < state->handCount[currentPlayer]; i++)
branch  0 never executed
branch  1 never executed
        -:  993:	    {
    #####:  994:	      if (state->hand[currentPlayer][i] == state->hand[currentPlayer][choice1])
branch  0 never executed
branch  1 never executed
        -:  995:		{
    #####:  996:		  discardCard(i, currentPlayer, state, 1);
call    0 never executed
    #####:  997:		  break;
        -:  998:		}
        -:  999:	    }
        -: 1000:	}			
        -: 1001:
    #####: 1002:      return 0;
        -: 1003:		
        -: 1004:    case cutpurse:
        -: 1005:
    #####: 1006:      updateCoins(currentPlayer, state, 2);
call    0 never executed
    #####: 1007:      for (i = 0; i < state->numPlayers; i++)
branch  0 never executed
branch  1 never executed
        -: 1008:	{
    #####: 1009:	  if (i != currentPlayer)
branch  0 never executed
branch  1 never executed
        -: 1010:	    {
    #####: 1011:	      for (j = 0; j < state->handCount[i]; j++)
branch  0 never executed
branch  1 never executed
        -: 1012:		{
    #####: 1013:		  if (state->hand[i][j] == copper)
branch  0 never executed
branch  1 never executed
        -: 1014:		    {
    #####: 1015:		      discardCard(j, i, state, 0);
call    0 never executed
    #####: 1016:		      break;
        -: 1017:		    }
    #####: 1018:		  if (j == state->handCount[i])
branch  0 never executed
branch  1 never executed
        -: 1019:		    {
    #####: 1020:		      for (k = 0; k < state->handCount[i]; k++)
branch  0 never executed
branch  1 never executed
        -: 1021:			{
        -: 1022:			  if (DEBUG)
        -: 1023:			    printf("Player %d reveals card number %d\n", i, state->hand[i][k]);
        -: 1024:			}	
    #####: 1025:		      break;
        -: 1026:		    }		
        -: 1027:		}
        -: 1028:					
        -: 1029:	    }
        -: 1030:				
        -: 1031:	}				
        -: 1032:
        -: 1033:      //discard played card from hand
    #####: 1034:      discardCard(handPos, currentPlayer, state, 0);			
call    0 never executed
        -: 1035:
    #####: 1036:      return 0;
        -: 1037:
        -: 1038:		
        -: 1039:    case embargo: 
        -: 1040:      //+2 Coins
    #####: 1041:      state->coins = state->coins + 2;
        -: 1042:			
        -: 1043:      //see if selected pile is in play
    #####: 1044:      if ( state->supplyCount[choice1] == -1 )
branch  0 never executed
branch  1 never executed
        -: 1045:	{
    #####: 1046:	  return -1;
        -: 1047:	}
        -: 1048:			
        -: 1049:      //add embargo token to selected supply pile
    #####: 1050:      state->embargoTokens[choice1]++;
        -: 1051:			
        -: 1052:      //trash card
    #####: 1053:      discardCard(handPos, currentPlayer, state, 1);		
call    0 never executed
    #####: 1054:      return 0;
        -: 1055:		
        -: 1056:    case outpost:
        -: 1057:      //set outpost flag
    #####: 1058:      state->outpostPlayed++;
        -: 1059:			
        -: 1060:      //discard card
    #####: 1061:      discardCard(handPos, currentPlayer, state, 0);
call    0 never executed
    #####: 1062:      return 0;
        -: 1063:		
        -: 1064:    case salvager:
     2000: 1065:      salvagerCardEffect(choice1, state, handPos);
call    0 returned 100%
     2000: 1066:      return 0;
        -: 1067:		
        -: 1068:    case sea_hag:
    #####: 1069:      for (i = 0; i < state->numPlayers; i++){
branch  0 never executed
branch  1 never executed
    #####: 1070:	if (i != currentPlayer){
branch  0 never executed
branch  1 never executed
    #####: 1071:	  state->discard[i][state->discardCount[i]] = state->deck[i][state->deckCount[i]--];			    state->deckCount[i]--;
    #####: 1072:	  state->discardCount[i]++;
    #####: 1073:	  state->deck[i][state->deckCount[i]--] = curse;//Top card now a curse
        -: 1074:	}
        -: 1075:      }
    #####: 1076:      return 0;
        -: 1077:		
        -: 1078:    case treasure_map:
        -: 1079:      //search hand for another treasure_map
    #####: 1080:      index = -1;
    #####: 1081:      for (i = 0; i < state->handCount[currentPlayer]; i++)
branch  0 never executed
branch  1 never executed
        -: 1082:	{
    #####: 1083:	  if (state->hand[currentPlayer][i] == treasure_map && i != handPos)
branch  0 never executed
branch  1 never executed
branch  2 never executed
branch  3 never executed
        -: 1084:	    {
    #####: 1085:	      index = i;
    #####: 1086:	      break;
        -: 1087:	    }
        -: 1088:	}
    #####: 1089:      if (index > -1)
branch  0 never executed
branch  1 never executed
        -: 1090:	{
        -: 1091:	  //trash both treasure cards
    #####: 1092:	  discardCard(handPos, currentPlayer, state, 1);
call    0 never executed
    #####: 1093:	  discardCard(index, currentPlayer, state, 1);
call    0 never executed
        -: 1094:
        -: 1095:	  //gain 4 Gold cards
    #####: 1096:	  for (i = 0; i < 4; i++)
branch  0 never executed
branch  1 never executed
        -: 1097:	    {
    #####: 1098:	      gainCard(gold, state, 1, currentPlayer);
call    0 never executed
        -: 1099:	    }
        -: 1100:				
        -: 1101:	  //return success
    #####: 1102:	  return 1;
        -: 1103:	}
        -: 1104:			
        -: 1105:      //no second treasure_map found in hand
    #####: 1106:      return -1;
        -: 1107:    }
        -: 1108:	
    #####: 1109:  return -1;
        -: 1110:}
        -: 1111:
function discardCard called 5966 returned 100% blocks executed 89%
     5966: 1112:int discardCard(int handPos, int currentPlayer, struct gameState *state, int trashFlag)
        -: 1113:{
        -: 1114:	
        -: 1115:  //if card is not trashed, added to Played pile 
     5966: 1116:  if (trashFlag < 1)
branch  0 taken 67% (fallthrough)
branch  1 taken 33%
        -: 1117:    {
        -: 1118:      //add card to played pile
     4000: 1119:      state->playedCards[state->playedCardCount] = state->hand[currentPlayer][handPos]; 
     4000: 1120:      state->playedCardCount++;
        -: 1121:    }
        -: 1122:	
        -: 1123:  //set played card to -1
     5966: 1124:  state->hand[currentPlayer][handPos] = -1;
        -: 1125:	
        -: 1126:  //remove card from player's hand
     5966: 1127:  if ( handPos == (state->handCount[currentPlayer] - 1) ) 	//last card in hand array is played
branch  0 taken 1% (fallthrough)
branch  1 taken 99%
        -: 1128:    {
        -: 1129:      //reduce number of cards in hand
       64: 1130:      state->handCount[currentPlayer]--;
        -: 1131:    }
     5902: 1132:  else if ( state->handCount[currentPlayer] == 1 ) //only one card in hand
branch  0 taken 0% (fallthrough)
branch  1 taken 100%
        -: 1133:    {
        -: 1134:      //reduce number of cards in hand
    #####: 1135:      state->handCount[currentPlayer]--;
        -: 1136:    }
        -: 1137:  else 	
        -: 1138:    {
        -: 1139:      //replace discarded card with last card in hand
     5902: 1140:      state->hand[currentPlayer][handPos] = state->hand[currentPlayer][ (state->handCount[currentPlayer] - 1)];
        -: 1141:      //set last card to -1
     5902: 1142:      state->hand[currentPlayer][state->handCount[currentPlayer] - 1] = -1;
        -: 1143:      //reduce number of cards in hand
     5902: 1144:      state->handCount[currentPlayer]--;
        -: 1145:    }
        -: 1146:	
     5966: 1147:  return 0;
        -: 1148:}
        -: 1149:
function gainCard called 0 returned 0% blocks executed 0%
    #####: 1150:int gainCard(int supplyPos, struct gameState *state, int toFlag, int player)
        -: 1151:{
        -: 1152:  //Note: supplyPos is enum of choosen card
        -: 1153:	
        -: 1154:  //check if supply pile is empty (0) or card is not used in game (-1)
    #####: 1155:  if ( supplyCount(supplyPos, state) < 1 )
call    0 never executed
branch  1 never executed
branch  2 never executed
        -: 1156:    {
    #####: 1157:      return -1;
        -: 1158:    }
        -: 1159:	
        -: 1160:  //added card for [whoseTurn] current player:
        -: 1161:  // toFlag = 0 : add to discard
        -: 1162:  // toFlag = 1 : add to deck
        -: 1163:  // toFlag = 2 : add to hand
        -: 1164:
    #####: 1165:  if (toFlag == 1)
branch  0 never executed
branch  1 never executed
        -: 1166:    {
    #####: 1167:      state->deck[ player ][ state->deckCount[player] ] = supplyPos;
    #####: 1168:      state->deckCount[player]++;
        -: 1169:    }
    #####: 1170:  else if (toFlag == 2)
branch  0 never executed
branch  1 never executed
        -: 1171:    {
    #####: 1172:      state->hand[ player ][ state->handCount[player] ] = supplyPos;
    #####: 1173:      state->handCount[player]++;
        -: 1174:    }
        -: 1175:  else
        -: 1176:    {
    #####: 1177:      state->discard[player][ state->discardCount[player] ] = supplyPos;
    #####: 1178:      state->discardCount[player]++;
        -: 1179:    }
        -: 1180:	
        -: 1181:  //decrease number in supply pile
    #####: 1182:  state->supplyCount[supplyPos]--;
        -: 1183:	 
    #####: 1184:  return 0;
        -: 1185:}
        -: 1186:
function updateCoins called 2002 returned 100% blocks executed 100%
     2002: 1187:int updateCoins(int player, struct gameState *state, int bonus)
        -: 1188:{
        -: 1189:  int i;
        -: 1190:	
        -: 1191:  //reset coin count
     2002: 1192:  state->coins = 0;
        -: 1193:
        -: 1194:  //add coins for each Treasure card in player's hand
   511305: 1195:  for (i = 0; i < state->handCount[player]; i++)
branch  0 taken 99%
branch  1 taken 1% (fallthrough)
        -: 1196:    {
   509303: 1197:      if (state->hand[player][i] == copper)
branch  0 taken 6% (fallthrough)
branch  1 taken 94%
        -: 1198:	{
    29807: 1199:	  state->coins += 1;
        -: 1200:	}
   479496: 1201:      else if (state->hand[player][i] == silver)
branch  0 taken 6% (fallthrough)
branch  1 taken 94%
        -: 1202:	{
    30003: 1203:	  state->coins += 2;
        -: 1204:	}
   449493: 1205:      else if (state->hand[player][i] == gold)
branch  0 taken 7% (fallthrough)
branch  1 taken 93%
        -: 1206:	{
    30131: 1207:	  state->coins += 3;
        -: 1208:	}	
        -: 1209:    }	
        -: 1210:
        -: 1211:  //add bonus
     2002: 1212:  state->coins += bonus;
        -: 1213:
     2002: 1214:  return 0;
        -: 1215:}
        -: 1216:
function adventurerCardEffect called 2000 returned 100% blocks executed 100%
     2000: 1217:void adventurerCardEffect(struct gameState *state)
        -: 1218:{
     2000: 1219:    int currentPlayer = whoseTurn(state);
call    0 returned 100%
        -: 1220:    int temphand[MAX_HAND];
     2000: 1221:    int drawntreasure = 0;
        -: 1222:    int cardDrawn;
     2000: 1223:    int z = 0; //counter for temphand
        -: 1224:
        -: 1225:
    26516: 1226:    while(drawntreasure < 2){
branch  0 taken 92%
branch  1 taken 8% (fallthrough)
    22516: 1227:        if (state->deckCount[currentPlayer] < 1){ //if the deck is empty we need to shuffle discard and add to deck
branch  0 taken 1% (fallthrough)
branch  1 taken 99%
       46: 1228:	    shuffle(currentPlayer, state);
call    0 returned 100%
        -: 1229:	}
    22516: 1230:	drawCard(currentPlayer, state);
call    0 returned 100%
    22516: 1231:	cardDrawn = state->hand[currentPlayer][state->handCount[currentPlayer]-1]; //top card of hand is most recently drawn card.
    22516: 1232:	if (cardDrawn == copper || cardDrawn == silver || cardDrawn == gold)
branch  0 taken 94% (fallthrough)
branch  1 taken 6%
branch  2 taken 94% (fallthrough)
branch  3 taken 6%
branch  4 taken 7% (fallthrough)
branch  5 taken 93%
     4000: 1233:    	    drawntreasure++;
        -: 1234:	else {
    18516: 1235:	    temphand[z]=cardDrawn;
    18516: 1236:	    state->handCount[currentPlayer]--; //this should just remove the top card (the most recently drawn one).
    18516: 1237:	    z++;
        -: 1238:	}
        -: 1239:    }
    20568: 1240:    while(z - 1 > 0){
branch  0 taken 89%
branch  1 taken 11% (fallthrough)
    16568: 1241:	state->discard[currentPlayer][state->discardCount[currentPlayer]++]=temphand[z-1]; // discard all cards in play that have been drawn
    16568: 1242:	z = z - 1;
        -: 1243:    }
     2000: 1244:}
        -: 1245:
function smithyCardEffect called 2000 returned 100% blocks executed 100%
     2000: 1246:void smithyCardEffect(struct gameState *state, int handPos)
        -: 1247:{
        -: 1248:    int i;
     2000: 1249:    int currentPlayer = whoseTurn(state);
call    0 returned 100%
        -: 1250:    
        -: 1251:    //+3 Cards
     6000: 1252:    for (i = 1; i < 3; i++)
branch  0 taken 67%
branch  1 taken 33% (fallthrough)
        -: 1253:    {
     4000: 1254:	drawCard(currentPlayer, state);
call    0 returned 100%
        -: 1255:    }
        -: 1256:			
        -: 1257:    //discard card from hand
     2000: 1258:    discardCard(handPos, currentPlayer, state, 0);
call    0 returned 100%
     2000: 1259:}
        -: 1260:
function mineCardEffect called 0 returned 0% blocks executed 0%
    #####: 1261:void mineCardEffect(int choice1, int choice2, struct gameState *state, int handPos)
        -: 1262:{
        -: 1263:    int i;
        -: 1264:    int j;
    #####: 1265:    int currentPlayer = whoseTurn(state);
call    0 never executed
        -: 1266:
    #####: 1267:    j = state->hand[currentPlayer][choice1];  //store card we will trash
        -: 1268:
    #####: 1269:    if (state->hand[currentPlayer][choice1] < copper || state->hand[currentPlayer][choice1] > gold)
branch  0 never executed
branch  1 never executed
branch  2 never executed
branch  3 never executed
        -: 1270:    {
    #####: 1271:	return -1;
        -: 1272:    }
        -: 1273:		
    #####: 1274:    if (choice2 > treasure_map || choice2 < curse)
branch  0 never executed
branch  1 never executed
branch  2 never executed
branch  3 never executed
        -: 1275:    {
    #####: 1276:	return -1;
        -: 1277:    }
        -: 1278:
    #####: 1279:    if ( (getCost(state->hand[currentPlayer][choice1]) + 3) > getCost(choice2) )
call    0 never executed
call    1 never executed
branch  2 never executed
branch  3 never executed
        -: 1280:    {
    #####: 1281:	return -1;
        -: 1282:    }
        -: 1283:
    #####: 1284:    gainCard(choice2, state, 2, currentPlayer);
call    0 never executed
        -: 1285:
        -: 1286:    //discard card from hand
    #####: 1287:    discardCard(handPos, currentPlayer, state, 0);
call    0 never executed
        -: 1288:
        -: 1289:    //discard trashed card
    #####: 1290:    for (i = 0; i < state->handCount[currentPlayer]; i++)
branch  0 never executed
branch  1 never executed
        -: 1291:    {
    #####: 1292:        if (state->hand[currentPlayer][i] == j)
branch  0 never executed
branch  1 never executed
        -: 1293:        {
    #####: 1294:            discardCard(j, currentPlayer, state, 0);			
call    0 never executed
    #####: 1295:            break;
        -: 1296:        }
        -: 1297:    
        -: 1298:    }
        -: 1299:}
        -: 1300:
function baronCardEffect called 0 returned 0% blocks executed 0%
    #####: 1301:void baronCardEffect(int choice1, struct gameState *state)
        -: 1302:{
    #####: 1303:  int currentPlayer = whoseTurn(state);
call    0 never executed
        -: 1304:
    #####: 1305:  state->numBuys++; //Increase buys by 1!
    #####: 1306:  if (choice1 > 0){ //Boolean true or going to discard an estate
branch  0 never executed
branch  1 never executed
    #####: 1307:    int p = 0; //Iterator for hand!
    #####: 1308:    int card_not_discarded = 1; //Flag for discard set!
    #####: 1309:    while(card_not_discarded){
branch  0 never executed
branch  1 never executed
    #####: 1310:      if (state->hand[currentPlayer][p] == estate){ //Found an estate card!
branch  0 never executed
branch  1 never executed
    #####: 1311:        state->coins = 4; //Add 4 coins to the amount of coins
    #####: 1312:        state->discard[currentPlayer][state->discardCount[currentPlayer]] = state->hand[currentPlayer][p];
    #####: 1313:        state->discardCount[currentPlayer]++;
    #####: 1314:        for (;p < state->handCount[currentPlayer]; p++){
branch  0 never executed
branch  1 never executed
    #####: 1315:          state->hand[currentPlayer][p] = state->hand[currentPlayer][p+1];
        -: 1316:        }
    #####: 1317:        state->hand[currentPlayer][state->handCount[currentPlayer]] = -1;
    #####: 1318:        state->handCount[currentPlayer]--;
    #####: 1319:        card_not_discarded = 0; //Exit the loop
        -: 1320:      }
    #####: 1321:      else if (p > state->handCount[currentPlayer]){
branch  0 never executed
branch  1 never executed
        -: 1322:        if(DEBUG) {
        -: 1323:          printf("No estate cards in your hand, invalid choice\n");
        -: 1324:          printf("Must gain an estate if there are any\n");
        -: 1325:        }
    #####: 1326:        if (supplyCount(estate, state) >= 0){
call    0 never executed
branch  1 never executed
branch  2 never executed
    #####: 1327:          gainCard(estate, state, 0, currentPlayer);
call    0 never executed
    #####: 1328:          state->supplyCount[estate]--; //Decrement estates
    #####: 1329:          if (supplyCount(estate, state) == 0){
call    0 never executed
branch  1 never executed
branch  2 never executed
    #####: 1330:            isGameOver(state);
call    0 never executed
        -: 1331:          }
        -: 1332:        }
    #####: 1333:        card_not_discarded = 0; //Exit the loop
        -: 1334:      }
        -: 1335:                        
        -: 1336:      else{
    #####: 1337:        p++; //Next card
        -: 1338:      }
        -: 1339:    }
        -: 1340:  }
        -: 1341:                        
        -: 1342:  else{
    #####: 1343:    if (supplyCount(estate, state) >= 0){
call    0 never executed
branch  1 never executed
branch  2 never executed
    #####: 1344:      gainCard(estate, state, 0, currentPlayer); //Gain an estate
call    0 never executed
    #####: 1345:      state->supplyCount[estate]--; //Decrement Estates
    #####: 1346:      if (supplyCount(estate, state) == 0){
call    0 never executed
branch  1 never executed
branch  2 never executed
    #####: 1347:        isGameOver(state);
call    0 never executed
        -: 1348:      }
        -: 1349:    }
        -: 1350:  }
    #####: 1351:}	    
        -: 1352:  
function salvagerCardEffect called 2000 returned 100% blocks executed 100%
     2000: 1353:void salvagerCardEffect(int choice1, struct gameState *state, int handPos)
        -: 1354:{
     2000: 1355:  int currentPlayer = whoseTurn(state);
call    0 returned 100%
        -: 1356:
        -: 1357:  //+1 buy
     2000: 1358:  state->numBuys++;
        -: 1359:                    
     2000: 1360:  if (choice1)
branch  0 taken 98% (fallthrough)
branch  1 taken 2%
        -: 1361:    {
        -: 1362:      //gain coins equal to trashed card
     1966: 1363:      state->coins = state->coins + getCost( handCard(choice1, state) );
call    0 returned 100%
call    1 returned 100%
        -: 1364:      //trash card
     1966: 1365:      discardCard(choice1, currentPlayer, state, 1);	
call    0 returned 100%
        -: 1366:    }
        -: 1367:                    
        -: 1368:  //discard card
     2000: 1369:  discardCard(handPos, currentPlayer, state, 0);
call    0 returned 100%
     2000: 1370:}
        -: 1371:
        -: 1372://end of dominion.c
